Started GET "/" for 127.0.0.1 at 2017-11-25 11:17:10 +0200
  
ActiveRecord::PendingMigrationError (

Migrations are pending. To resolve this issue, run:

        bin/rails db:migrate RAILS_ENV=development

):
  
activerecord (5.1.2) lib/active_record/migration.rb:576:in `check_pending!'
activerecord (5.1.2) lib/active_record/migration.rb:553:in `call'
actionpack (5.1.2) lib/action_dispatch/middleware/callbacks.rb:26:in `block in call'
activesupport (5.1.2) lib/active_support/callbacks.rb:97:in `run_callbacks'
actionpack (5.1.2) lib/action_dispatch/middleware/callbacks.rb:24:in `call'
actionpack (5.1.2) lib/action_dispatch/middleware/executor.rb:12:in `call'
actionpack (5.1.2) lib/action_dispatch/middleware/debug_exceptions.rb:59:in `call'
web-console (3.5.1) lib/web_console/middleware.rb:135:in `call_app'
web-console (3.5.1) lib/web_console/middleware.rb:28:in `block in call'
web-console (3.5.1) lib/web_console/middleware.rb:18:in `catch'
web-console (3.5.1) lib/web_console/middleware.rb:18:in `call'
actionpack (5.1.2) lib/action_dispatch/middleware/show_exceptions.rb:31:in `call'
railties (5.1.2) lib/rails/rack/logger.rb:36:in `call_app'
railties (5.1.2) lib/rails/rack/logger.rb:24:in `block in call'
activesupport (5.1.2) lib/active_support/tagged_logging.rb:69:in `block in tagged'
activesupport (5.1.2) lib/active_support/tagged_logging.rb:26:in `tagged'
activesupport (5.1.2) lib/active_support/tagged_logging.rb:69:in `tagged'
railties (5.1.2) lib/rails/rack/logger.rb:24:in `call'
sprockets-rails (3.2.0) lib/sprockets/rails/quiet_assets.rb:13:in `call'
actionpack (5.1.2) lib/action_dispatch/middleware/remote_ip.rb:79:in `call'
actionpack (5.1.2) lib/action_dispatch/middleware/request_id.rb:25:in `call'
rack (2.0.3) lib/rack/method_override.rb:22:in `call'
rack (2.0.3) lib/rack/runtime.rb:22:in `call'
activesupport (5.1.2) lib/active_support/cache/strategy/local_cache_middleware.rb:27:in `call'
actionpack (5.1.2) lib/action_dispatch/middleware/executor.rb:12:in `call'
actionpack (5.1.2) lib/action_dispatch/middleware/static.rb:125:in `call'
rack (2.0.3) lib/rack/sendfile.rb:111:in `call'
railties (5.1.2) lib/rails/engine.rb:522:in `call'
puma (3.9.1) lib/puma/configuration.rb:224:in `call'
puma (3.9.1) lib/puma/server.rb:602:in `handle_request'
puma (3.9.1) lib/puma/server.rb:435:in `process_client'
puma (3.9.1) lib/puma/server.rb:299:in `block in run'
puma (3.9.1) lib/puma/thread_pool.rb:120:in `block in spawn_thread'
  [1m[35m (0.1ms)[0m  [1m[34mSELECT sqlite_version(*)[0m
  [1m[35m (87.2ms)[0m  [1m[35mCREATE TABLE "schema_migrations" ("version" varchar NOT NULL PRIMARY KEY)[0m
  [1m[35m (107.9ms)[0m  [1m[35mCREATE TABLE "ar_internal_metadata" ("key" varchar NOT NULL PRIMARY KEY, "value" varchar, "created_at" datetime NOT NULL, "updated_at" datetime NOT NULL)[0m
  [1m[35m (0.2ms)[0m  [1m[34mSELECT "schema_migrations"."version" FROM "schema_migrations" ORDER BY "schema_migrations"."version" ASC[0m
Migrating to CreateProducts (20170801191458)
  [1m[35m (0.1ms)[0m  [1m[36mbegin transaction[0m
  [1m[35m (0.6ms)[0m  [1m[35mCREATE TABLE "products" ("id" INTEGER PRIMARY KEY AUTOINCREMENT NOT NULL, "name" varchar, "description" text, "image_url" varchar, "created_at" datetime NOT NULL, "updated_at" datetime NOT NULL)[0m
  [1m[35mSQL (0.2ms)[0m  [1m[32mINSERT INTO "schema_migrations" ("version") VALUES (?)[0m  [["version", "20170801191458"]]
  [1m[35m (111.5ms)[0m  [1m[36mcommit transaction[0m
Migrating to AddColorToProducts (20170810121451)
  [1m[35m (0.1ms)[0m  [1m[36mbegin transaction[0m
  [1m[35m (0.4ms)[0m  [1m[35mALTER TABLE "products" ADD "color" varchar[0m
  [1m[35mSQL (0.3ms)[0m  [1m[32mINSERT INTO "schema_migrations" ("version") VALUES (?)[0m  [["version", "20170810121451"]]
  [1m[35m (66.9ms)[0m  [1m[36mcommit transaction[0m
Migrating to RenameColorsInProducts (20170810180504)
  [1m[35m (0.1ms)[0m  [1m[36mbegin transaction[0m
  [1m[35m (0.4ms)[0m  [1m[35mCREATE TEMPORARY TABLE "aproducts" ("id" INTEGER PRIMARY KEY AUTOINCREMENT NOT NULL, "name" varchar DEFAULT NULL, "description" text DEFAULT NULL, "image_url" varchar DEFAULT NULL, "created_at" datetime NOT NULL, "updated_at" datetime NOT NULL, "colour" varchar DEFAULT NULL)[0m
  [1m[35m (0.3ms)[0m  [1m[32mINSERT INTO "aproducts" ("id","name","description","image_url","created_at","updated_at","colour")
                     SELECT "id","name","description","image_url","created_at","updated_at","color" FROM "products"[0m
  [1m[35m (0.4ms)[0m  [1m[35mDROP TABLE "products"[0m
  [1m[35m (0.2ms)[0m  [1m[35mCREATE TABLE "products" ("id" INTEGER PRIMARY KEY AUTOINCREMENT NOT NULL, "name" varchar DEFAULT NULL, "description" text DEFAULT NULL, "image_url" varchar DEFAULT NULL, "created_at" datetime NOT NULL, "updated_at" datetime NOT NULL, "colour" varchar DEFAULT NULL)[0m
  [1m[35m (0.1ms)[0m  [1m[32mINSERT INTO "products" ("id","name","description","image_url","created_at","updated_at","colour")
                     SELECT "id","name","description","image_url","created_at","updated_at","colour" FROM "aproducts"[0m
  [1m[35m (0.2ms)[0m  [1m[35mDROP TABLE "aproducts"[0m
  [1m[35mSQL (0.1ms)[0m  [1m[32mINSERT INTO "schema_migrations" ("version") VALUES (?)[0m  [["version", "20170810180504"]]
  [1m[35m (71.9ms)[0m  [1m[36mcommit transaction[0m
Migrating to AddPriceToProducts (20170811170011)
  [1m[35m (1.7ms)[0m  [1m[36mbegin transaction[0m
  [1m[35m (0.4ms)[0m  [1m[35mALTER TABLE "products" ADD "price" decimal[0m
  [1m[35mSQL (0.2ms)[0m  [1m[32mINSERT INTO "schema_migrations" ("version") VALUES (?)[0m  [["version", "20170811170011"]]
  [1m[35m (59.7ms)[0m  [1m[36mcommit transaction[0m
Migrating to CreateOrders (20170818205957)
  [1m[35m (0.3ms)[0m  [1m[36mbegin transaction[0m
  [1m[35m (0.4ms)[0m  [1m[35mCREATE TABLE "orders" ("id" INTEGER PRIMARY KEY AUTOINCREMENT NOT NULL, "user_id" integer, "product_id" integer, "total" float)[0m
  [1m[35m (0.2ms)[0m  [1m[35mCREATE  INDEX "index_orders_on_user_id" ON "orders" ("user_id")[0m
  [1m[35m (0.1ms)[0m  [1m[34m            SELECT sql
            FROM sqlite_master
            WHERE name='index_orders_on_user_id' AND type='index'
            UNION ALL
            SELECT sql
            FROM sqlite_temp_master
            WHERE name='index_orders_on_user_id' AND type='index'
[0m
  [1m[35m (0.2ms)[0m  [1m[35mCREATE  INDEX "index_orders_on_product_id" ON "orders" ("product_id")[0m
  [1m[35mSQL (0.1ms)[0m  [1m[32mINSERT INTO "schema_migrations" ("version") VALUES (?)[0m  [["version", "20170818205957"]]
  [1m[35m (107.5ms)[0m  [1m[36mcommit transaction[0m
Migrating to CreateUsers (20170927142020)
  [1m[35m (0.1ms)[0m  [1m[36mbegin transaction[0m
  [1m[35m (0.4ms)[0m  [1m[35mCREATE TABLE "users" ("id" INTEGER PRIMARY KEY AUTOINCREMENT NOT NULL, "first_name" varchar, "last_name" varchar, "created_at" datetime NOT NULL, "updated_at" datetime NOT NULL)[0m
  [1m[35mSQL (0.2ms)[0m  [1m[32mINSERT INTO "schema_migrations" ("version") VALUES (?)[0m  [["version", "20170927142020"]]
  [1m[35m (109.6ms)[0m  [1m[36mcommit transaction[0m
Migrating to AddDeviseToUsers (20170927153518)
  [1m[35m (0.2ms)[0m  [1m[36mbegin transaction[0m
  [1m[35m (0.6ms)[0m  [1m[35mALTER TABLE "users" ADD "email" varchar DEFAULT '' NOT NULL[0m
  [1m[35m (0.3ms)[0m  [1m[35mALTER TABLE "users" ADD "encrypted_password" varchar DEFAULT '' NOT NULL[0m
  [1m[35m (0.2ms)[0m  [1m[35mALTER TABLE "users" ADD "reset_password_token" varchar[0m
  [1m[35m (0.2ms)[0m  [1m[35mALTER TABLE "users" ADD "reset_password_sent_at" datetime[0m
  [1m[35m (0.2ms)[0m  [1m[35mALTER TABLE "users" ADD "remember_created_at" datetime[0m
  [1m[35m (0.2ms)[0m  [1m[35mALTER TABLE "users" ADD "sign_in_count" integer DEFAULT 0 NOT NULL[0m
  [1m[35m (0.3ms)[0m  [1m[35mALTER TABLE "users" ADD "current_sign_in_at" datetime[0m
  [1m[35m (0.2ms)[0m  [1m[35mALTER TABLE "users" ADD "last_sign_in_at" datetime[0m
  [1m[35m (0.2ms)[0m  [1m[35mALTER TABLE "users" ADD "current_sign_in_ip" varchar[0m
  [1m[35m (0.2ms)[0m  [1m[35mALTER TABLE "users" ADD "last_sign_in_ip" varchar[0m
  [1m[35m (0.3ms)[0m  [1m[35mCREATE UNIQUE INDEX "index_users_on_email" ON "users" ("email")[0m
  [1m[35m (0.1ms)[0m  [1m[34m            SELECT sql
            FROM sqlite_master
            WHERE name='index_users_on_email' AND type='index'
            UNION ALL
            SELECT sql
            FROM sqlite_temp_master
            WHERE name='index_users_on_email' AND type='index'
[0m
  [1m[35m (0.2ms)[0m  [1m[35mCREATE UNIQUE INDEX "index_users_on_reset_password_token" ON "users" ("reset_password_token")[0m
  [1m[35mSQL (0.2ms)[0m  [1m[32mINSERT INTO "schema_migrations" ("version") VALUES (?)[0m  [["version", "20170927153518"]]
  [1m[35m (113.7ms)[0m  [1m[36mcommit transaction[0m
Migrating to CreateComments (20171011144741)
  [1m[35m (0.1ms)[0m  [1m[36mbegin transaction[0m
  [1m[35m (0.5ms)[0m  [1m[35mCREATE TABLE "comments" ("id" INTEGER PRIMARY KEY AUTOINCREMENT NOT NULL, "user_id" integer, "body" text, "rating" integer, "product_id" integer, "created_at" datetime NOT NULL, "updated_at" datetime NOT NULL, CONSTRAINT "fk_rails_03de2dc08c"
FOREIGN KEY ("user_id")
  REFERENCES "users" ("id")
, CONSTRAINT "fk_rails_a0d280f6e4"
FOREIGN KEY ("product_id")
  REFERENCES "products" ("id")
)[0m
  [1m[35m (0.2ms)[0m  [1m[35mCREATE  INDEX "index_comments_on_user_id" ON "comments" ("user_id")[0m
  [1m[35m (0.1ms)[0m  [1m[34m            SELECT sql
            FROM sqlite_master
            WHERE name='index_comments_on_user_id' AND type='index'
            UNION ALL
            SELECT sql
            FROM sqlite_temp_master
            WHERE name='index_comments_on_user_id' AND type='index'
[0m
  [1m[35m (0.2ms)[0m  [1m[35mCREATE  INDEX "index_comments_on_product_id" ON "comments" ("product_id")[0m
  [1m[35mSQL (0.1ms)[0m  [1m[32mINSERT INTO "schema_migrations" ("version") VALUES (?)[0m  [["version", "20171011144741"]]
  [1m[35m (106.0ms)[0m  [1m[36mcommit transaction[0m
Migrating to ChangePriceDataType (20171121224821)
  [1m[35m (0.1ms)[0m  [1m[36mbegin transaction[0m
  [1m[35m (0.3ms)[0m  [1m[35mCREATE TEMPORARY TABLE "aproducts" ("id" INTEGER PRIMARY KEY AUTOINCREMENT NOT NULL, "name" varchar DEFAULT NULL, "description" text DEFAULT NULL, "image_url" varchar DEFAULT NULL, "created_at" datetime NOT NULL, "updated_at" datetime NOT NULL, "colour" varchar DEFAULT NULL, "price" decimal DEFAULT NULL)[0m
  [1m[35m (0.1ms)[0m  [1m[32mINSERT INTO "aproducts" ("id","name","description","image_url","created_at","updated_at","colour","price")
                     SELECT "id","name","description","image_url","created_at","updated_at","colour","price" FROM "products"[0m
  [1m[35m (0.3ms)[0m  [1m[35mDROP TABLE "products"[0m
  [1m[35m (0.2ms)[0m  [1m[35mCREATE TABLE "products" ("id" INTEGER PRIMARY KEY AUTOINCREMENT NOT NULL, "name" varchar DEFAULT NULL, "description" text DEFAULT NULL, "image_url" varchar DEFAULT NULL, "created_at" datetime NOT NULL, "updated_at" datetime NOT NULL, "colour" varchar DEFAULT NULL, "price" integer DEFAULT NULL)[0m
  [1m[35m (0.2ms)[0m  [1m[32mINSERT INTO "products" ("id","name","description","image_url","created_at","updated_at","colour","price")
                     SELECT "id","name","description","image_url","created_at","updated_at","colour","price" FROM "aproducts"[0m
  [1m[35m (0.2ms)[0m  [1m[35mDROP TABLE "aproducts"[0m
  [1m[35mSQL (0.1ms)[0m  [1m[32mINSERT INTO "schema_migrations" ("version") VALUES (?)[0m  [["version", "20171121224821"]]
  [1m[35m (85.6ms)[0m  [1m[36mcommit transaction[0m
  [1m[36mActiveRecord::InternalMetadata Load (0.1ms)[0m  [1m[34mSELECT  "ar_internal_metadata".* FROM "ar_internal_metadata" WHERE "ar_internal_metadata"."key" = ? LIMIT ?[0m  [["key", "environment"], ["LIMIT", 1]]
  [1m[35m (0.1ms)[0m  [1m[36mbegin transaction[0m
  [1m[35mSQL (0.4ms)[0m  [1m[32mINSERT INTO "ar_internal_metadata" ("key", "value", "created_at", "updated_at") VALUES (?, ?, ?, ?)[0m  [["key", "environment"], ["value", "development"], ["created_at", "2017-11-25 09:17:35.772814"], ["updated_at", "2017-11-25 09:17:35.772814"]]
  [1m[35m (72.0ms)[0m  [1m[36mcommit transaction[0m
  [1m[35m (0.2ms)[0m  [1m[34mSELECT "schema_migrations"."version" FROM "schema_migrations" ORDER BY "schema_migrations"."version" ASC[0m
  [1m[35m (0.1ms)[0m  [1m[34m            SELECT sql
            FROM sqlite_master
            WHERE name='index_comments_on_product_id' AND type='index'
            UNION ALL
            SELECT sql
            FROM sqlite_temp_master
            WHERE name='index_comments_on_product_id' AND type='index'
[0m
  [1m[35m (0.1ms)[0m  [1m[34m            SELECT sql
            FROM sqlite_master
            WHERE name='index_comments_on_user_id' AND type='index'
            UNION ALL
            SELECT sql
            FROM sqlite_temp_master
            WHERE name='index_comments_on_user_id' AND type='index'
[0m
  [1m[35m (0.1ms)[0m  [1m[34m            SELECT sql
            FROM sqlite_master
            WHERE name='index_orders_on_product_id' AND type='index'
            UNION ALL
            SELECT sql
            FROM sqlite_temp_master
            WHERE name='index_orders_on_product_id' AND type='index'
[0m
  [1m[35m (0.1ms)[0m  [1m[34m            SELECT sql
            FROM sqlite_master
            WHERE name='index_orders_on_user_id' AND type='index'
            UNION ALL
            SELECT sql
            FROM sqlite_temp_master
            WHERE name='index_orders_on_user_id' AND type='index'
[0m
  [1m[35m (0.1ms)[0m  [1m[34m            SELECT sql
            FROM sqlite_master
            WHERE name='index_users_on_reset_password_token' AND type='index'
            UNION ALL
            SELECT sql
            FROM sqlite_temp_master
            WHERE name='index_users_on_reset_password_token' AND type='index'
[0m
  [1m[35m (0.1ms)[0m  [1m[34m            SELECT sql
            FROM sqlite_master
            WHERE name='index_users_on_email' AND type='index'
            UNION ALL
            SELECT sql
            FROM sqlite_temp_master
            WHERE name='index_users_on_email' AND type='index'
[0m
Started GET "/" for 127.0.0.1 at 2017-11-25 11:17:39 +0200
  [1m[35m (0.2ms)[0m  [1m[34mSELECT "schema_migrations"."version" FROM "schema_migrations" ORDER BY "schema_migrations"."version" ASC[0m
Processing by StaticPagesController#landing_page as HTML
  Rendering static_pages/landing_page.html.erb within layouts/application
  [1m[36mProduct Load (0.3ms)[0m  [1m[34mSELECT  "products".* FROM "products" LIMIT ?[0m  [["LIMIT", 9]]
  Rendered static_pages/landing_page.html.erb within layouts/application (3.2ms)
Completed 200 OK in 878ms (Views: 863.5ms | ActiveRecord: 0.6ms)


Started GET "/products" for 127.0.0.1 at 2017-11-25 11:17:51 +0200
Processing by ProductsController#index as HTML
  Rendering products/index.html.erb within layouts/application
  [1m[36mProduct Load (0.4ms)[0m  [1m[34mSELECT "products".* FROM "products"[0m
  Rendered products/index.html.erb within layouts/application (2.5ms)
Completed 200 OK in 71ms (Views: 67.4ms | ActiveRecord: 0.4ms)


Started GET "/products" for 127.0.0.1 at 2017-11-25 11:17:53 +0200
Processing by ProductsController#index as HTML
  Rendering products/index.html.erb within layouts/application
  [1m[36mProduct Load (0.3ms)[0m  [1m[34mSELECT "products".* FROM "products"[0m
  Rendered products/index.html.erb within layouts/application (2.3ms)
Completed 200 OK in 60ms (Views: 57.0ms | ActiveRecord: 0.3ms)


Started GET "/products/new" for 127.0.0.1 at 2017-11-25 11:17:54 +0200
Processing by ProductsController#new as HTML
  Rendering products/new.html.erb within layouts/application
  Rendered products/_form.html.erb (13.1ms)
  Rendered products/new.html.erb within layouts/application (14.3ms)
Completed 200 OK in 76ms (Views: 47.6ms | ActiveRecord: 0.9ms)


Started POST "/products" for 127.0.0.1 at 2017-11-25 11:18:11 +0200
Processing by ProductsController#create as HTML
  Parameters: {"utf8"=>"✓", "authenticity_token"=>"MksmOXje9SC912pYOWdN60loW7MjD+jdZ6fKTvwZ4D749CI7ZxUmZTLmN51vX8qIlEk4VFgRXMiF1VAwPSwxMQ==", "product"=>{"name"=>"sdfsddsfsds", "price"=>"44", "image_url"=>"https://static.pexels.com/photos/36764/marguerite-daisy-beautiful-beauty.jpg", "colour"=>"Orange", "description"=>"dfsdgfdgsdgf"}, "commit"=>"Create Product"}
  [1m[35m (0.1ms)[0m  [1m[36mbegin transaction[0m
  [1m[35mSQL (0.5ms)[0m  [1m[32mINSERT INTO "products" ("name", "description", "image_url", "created_at", "updated_at", "colour", "price") VALUES (?, ?, ?, ?, ?, ?, ?)[0m  [["name", "sdfsddsfsds"], ["description", "dfsdgfdgsdgf"], ["image_url", "https://static.pexels.com/photos/36764/marguerite-daisy-beautiful-beauty.jpg"], ["created_at", "2017-11-25 09:18:11.106995"], ["updated_at", "2017-11-25 09:18:11.106995"], ["colour", "Orange"], ["price", 44]]
  [1m[35m (159.9ms)[0m  [1m[36mcommit transaction[0m
Redirected to http://localhost:3000/products/1
Completed 302 Found in 167ms (ActiveRecord: 160.4ms)


Started GET "/products/1" for 127.0.0.1 at 2017-11-25 11:18:11 +0200
Processing by ProductsController#show as HTML
  Parameters: {"id"=>"1"}
  [1m[36mProduct Load (0.3ms)[0m  [1m[34mSELECT  "products".* FROM "products" WHERE "products"."id" = ? LIMIT ?[0m  [["id", 1], ["LIMIT", 1]]
  Rendering products/show.html.erb within layouts/application
  [1m[35m (0.2ms)[0m  [1m[34mSELECT AVG("comments"."rating") FROM "comments" WHERE "comments"."product_id" = ?[0m  [["product_id", 1]]
  Rendered shared/_stripe_checkout_button.html.erb (0.5ms)
  Rendered products/_new_comment.html.erb (1.5ms)
  [1m[36mComment Load (0.3ms)[0m  [1m[34mSELECT  "comments".* FROM "comments" WHERE "comments"."product_id" = ? ORDER BY "comments"."rating" DESC LIMIT ?[0m  [["product_id", 1], ["LIMIT", 1]]
  [1m[35m (0.1ms)[0m  [1m[34mSELECT COUNT(*) FROM "comments" WHERE "comments"."product_id" = ?[0m  [["product_id", 1]]
  Rendered products/show.html.erb within layouts/application (8.9ms)
Completed 200 OK in 108ms (Views: 45.0ms | ActiveRecord: 1.3ms)


Started GET "/products" for 127.0.0.1 at 2017-11-25 11:18:32 +0200
Processing by ProductsController#index as HTML
  Rendering products/index.html.erb within layouts/application
  [1m[36mProduct Load (0.2ms)[0m  [1m[34mSELECT "products".* FROM "products"[0m
  Rendered products/_product.html.erb (1.1ms)
  Rendered products/index.html.erb within layouts/application (3.9ms)
Completed 200 OK in 47ms (Views: 44.6ms | ActiveRecord: 0.2ms)


Started GET "/products/1/edit" for 127.0.0.1 at 2017-11-25 11:18:36 +0200
Processing by ProductsController#edit as HTML
  Parameters: {"id"=>"1"}
  [1m[36mProduct Load (0.2ms)[0m  [1m[34mSELECT  "products".* FROM "products" WHERE "products"."id" = ? LIMIT ?[0m  [["id", 1], ["LIMIT", 1]]
  Rendering products/edit.html.erb within layouts/application
  Rendered products/_form.html.erb (4.9ms)
  Rendered products/edit.html.erb within layouts/application (6.1ms)
Completed 200 OK in 48ms (Views: 44.4ms | ActiveRecord: 0.2ms)


Started PATCH "/products/1" for 127.0.0.1 at 2017-11-25 11:18:38 +0200
Processing by ProductsController#update as HTML
  Parameters: {"utf8"=>"✓", "authenticity_token"=>"fNf8wGmzj2fifDA/j3sLhrBTn3w+zvhDy3jl5aKg96o3Uv01B3vj2zkzZldM0BwJpcnoa2r3wlknPuhH/gf9Yg==", "product"=>{"name"=>"sdfsddsfsds", "price"=>"44", "image_url"=>"https://static.pexels.com/photos/36764/marguerite-daisy-beautiful-beauty.jpg", "colour"=>"Orange", "description"=>"dfsdgfdgsdgf"}, "commit"=>"Update Product", "id"=>"1"}
  [1m[36mProduct Load (0.1ms)[0m  [1m[34mSELECT  "products".* FROM "products" WHERE "products"."id" = ? LIMIT ?[0m  [["id", 1], ["LIMIT", 1]]
  [1m[35m (0.1ms)[0m  [1m[36mbegin transaction[0m
  [1m[35m (0.1ms)[0m  [1m[36mcommit transaction[0m
Redirected to http://localhost:3000/products/1
Completed 302 Found in 5ms (ActiveRecord: 0.3ms)


Started GET "/products/1" for 127.0.0.1 at 2017-11-25 11:18:38 +0200
Processing by ProductsController#show as HTML
  Parameters: {"id"=>"1"}
  [1m[36mProduct Load (0.1ms)[0m  [1m[34mSELECT  "products".* FROM "products" WHERE "products"."id" = ? LIMIT ?[0m  [["id", 1], ["LIMIT", 1]]
  Rendering products/show.html.erb within layouts/application
  [1m[35m (0.2ms)[0m  [1m[34mSELECT AVG("comments"."rating") FROM "comments" WHERE "comments"."product_id" = ?[0m  [["product_id", 1]]
  Rendered shared/_stripe_checkout_button.html.erb (0.5ms)
  Rendered products/_new_comment.html.erb (0.7ms)
  [1m[36mComment Load (0.2ms)[0m  [1m[34mSELECT  "comments".* FROM "comments" WHERE "comments"."product_id" = ? ORDER BY "comments"."rating" DESC LIMIT ?[0m  [["product_id", 1], ["LIMIT", 1]]
  [1m[35m (0.1ms)[0m  [1m[34mSELECT COUNT(*) FROM "comments" WHERE "comments"."product_id" = ?[0m  [["product_id", 1]]
  Rendered products/show.html.erb within layouts/application (7.4ms)
Completed 200 OK in 51ms (Views: 47.3ms | ActiveRecord: 0.7ms)


Started GET "/square-image.png" for 127.0.0.1 at 2017-11-25 11:18:52 +0200
  
ActionController::RoutingError (No route matches [GET] "/square-image.png"):
  
actionpack (5.1.2) lib/action_dispatch/middleware/debug_exceptions.rb:63:in `call'
web-console (3.5.1) lib/web_console/middleware.rb:135:in `call_app'
web-console (3.5.1) lib/web_console/middleware.rb:28:in `block in call'
web-console (3.5.1) lib/web_console/middleware.rb:18:in `catch'
web-console (3.5.1) lib/web_console/middleware.rb:18:in `call'
actionpack (5.1.2) lib/action_dispatch/middleware/show_exceptions.rb:31:in `call'
railties (5.1.2) lib/rails/rack/logger.rb:36:in `call_app'
railties (5.1.2) lib/rails/rack/logger.rb:24:in `block in call'
activesupport (5.1.2) lib/active_support/tagged_logging.rb:69:in `block in tagged'
activesupport (5.1.2) lib/active_support/tagged_logging.rb:26:in `tagged'
activesupport (5.1.2) lib/active_support/tagged_logging.rb:69:in `tagged'
railties (5.1.2) lib/rails/rack/logger.rb:24:in `call'
sprockets-rails (3.2.0) lib/sprockets/rails/quiet_assets.rb:13:in `call'
actionpack (5.1.2) lib/action_dispatch/middleware/remote_ip.rb:79:in `call'
actionpack (5.1.2) lib/action_dispatch/middleware/request_id.rb:25:in `call'
rack (2.0.3) lib/rack/method_override.rb:22:in `call'
rack (2.0.3) lib/rack/runtime.rb:22:in `call'
activesupport (5.1.2) lib/active_support/cache/strategy/local_cache_middleware.rb:27:in `call'
actionpack (5.1.2) lib/action_dispatch/middleware/executor.rb:12:in `call'
actionpack (5.1.2) lib/action_dispatch/middleware/static.rb:125:in `call'
rack (2.0.3) lib/rack/sendfile.rb:111:in `call'
railties (5.1.2) lib/rails/engine.rb:522:in `call'
puma (3.9.1) lib/puma/configuration.rb:224:in `call'
puma (3.9.1) lib/puma/server.rb:602:in `handle_request'
puma (3.9.1) lib/puma/server.rb:435:in `process_client'
puma (3.9.1) lib/puma/server.rb:299:in `block in run'
puma (3.9.1) lib/puma/thread_pool.rb:120:in `block in spawn_thread'
Started GET "/products" for 127.0.0.1 at 2017-11-25 11:19:08 +0200
Processing by ProductsController#index as HTML
  Rendering products/index.html.erb within layouts/application
  [1m[36mProduct Load (0.3ms)[0m  [1m[34mSELECT "products".* FROM "products"[0m
  Rendered products/_product.html.erb (1.9ms)
  Rendered products/index.html.erb within layouts/application (7.4ms)
Completed 200 OK in 47ms (Views: 44.2ms | ActiveRecord: 0.3ms)


Started GET "/static_pages/landing_page" for 127.0.0.1 at 2017-11-25 11:19:14 +0200
Processing by StaticPagesController#landing_page as HTML
  Rendering static_pages/landing_page.html.erb within layouts/application
  [1m[36mProduct Load (0.2ms)[0m  [1m[34mSELECT  "products".* FROM "products" LIMIT ?[0m  [["LIMIT", 9]]
  Rendered static_pages/landing_page.html.erb within layouts/application (2.0ms)
Completed 200 OK in 45ms (Views: 42.9ms | ActiveRecord: 0.2ms)


Started GET "/static_pages/about" for 127.0.0.1 at 2017-11-25 11:19:23 +0200
Processing by StaticPagesController#about as HTML
  Rendering static_pages/about.html.erb within layouts/application
  Rendered static_pages/about.html.erb within layouts/application (0.4ms)
Completed 200 OK in 45ms (Views: 42.6ms | ActiveRecord: 0.0ms)


Started GET "/static_pages/about" for 127.0.0.1 at 2017-11-25 11:19:24 +0200
Processing by StaticPagesController#about as HTML
  Rendering static_pages/about.html.erb within layouts/application
  Rendered static_pages/about.html.erb within layouts/application (0.4ms)
Completed 200 OK in 46ms (Views: 44.8ms | ActiveRecord: 0.0ms)


Started GET "/static_pages/contact" for 127.0.0.1 at 2017-11-25 11:19:24 +0200
Processing by StaticPagesController#contact as HTML
  Rendering static_pages/contact.html.erb within layouts/application
  Rendered static_pages/contact.html.erb within layouts/application (6.1ms)
Completed 200 OK in 44ms (Views: 42.4ms | ActiveRecord: 0.0ms)


Started GET "/products" for 127.0.0.1 at 2017-11-25 11:19:29 +0200
Processing by ProductsController#index as HTML
  Rendering products/index.html.erb within layouts/application
  [1m[36mProduct Load (0.3ms)[0m  [1m[34mSELECT "products".* FROM "products"[0m
  Rendered products/_product.html.erb (2.0ms)
  Rendered products/index.html.erb within layouts/application (6.1ms)
Completed 200 OK in 87ms (Views: 83.9ms | ActiveRecord: 0.3ms)


Started GET "/products" for 127.0.0.1 at 2017-11-25 11:19:36 +0200
Processing by ProductsController#index as HTML
  Rendering products/index.html.erb within layouts/application
  [1m[36mProduct Load (0.3ms)[0m  [1m[34mSELECT "products".* FROM "products"[0m
  Rendered products/_product.html.erb (1.8ms)
  Rendered products/index.html.erb within layouts/application (5.0ms)
Completed 200 OK in 59ms (Views: 56.4ms | ActiveRecord: 0.3ms)


Started GET "/static_pages/about" for 127.0.0.1 at 2017-11-25 11:19:39 +0200
Processing by StaticPagesController#about as HTML
  Rendering static_pages/about.html.erb within layouts/application
  Rendered static_pages/about.html.erb within layouts/application (0.4ms)
Completed 200 OK in 64ms (Views: 61.6ms | ActiveRecord: 0.0ms)


Started GET "/static_pages/contact" for 127.0.0.1 at 2017-11-25 11:19:40 +0200
Processing by StaticPagesController#contact as HTML
  Rendering static_pages/contact.html.erb within layouts/application
  Rendered static_pages/contact.html.erb within layouts/application (3.2ms)
Completed 200 OK in 71ms (Views: 67.0ms | ActiveRecord: 0.0ms)


Started GET "/products" for 127.0.0.1 at 2017-11-25 11:19:42 +0200
Processing by ProductsController#index as HTML
  Rendering products/index.html.erb within layouts/application
  [1m[36mProduct Load (0.4ms)[0m  [1m[34mSELECT "products".* FROM "products"[0m
  Rendered products/_product.html.erb (1.9ms)
  Rendered products/index.html.erb within layouts/application (21.0ms)
Completed 200 OK in 89ms (Views: 86.2ms | ActiveRecord: 0.4ms)


Started GET "/products/1/edit" for 127.0.0.1 at 2017-11-25 11:19:46 +0200
Processing by ProductsController#edit as HTML
  Parameters: {"id"=>"1"}
  [1m[36mProduct Load (0.2ms)[0m  [1m[34mSELECT  "products".* FROM "products" WHERE "products"."id" = ? LIMIT ?[0m  [["id", 1], ["LIMIT", 1]]
  Rendering products/edit.html.erb within layouts/application
  Rendered products/_form.html.erb (5.6ms)
  Rendered products/edit.html.erb within layouts/application (7.4ms)
Completed 200 OK in 45ms (Views: 41.5ms | ActiveRecord: 0.2ms)


Started PATCH "/products/1" for 127.0.0.1 at 2017-11-25 11:19:47 +0200
Processing by ProductsController#update as HTML
  Parameters: {"utf8"=>"✓", "authenticity_token"=>"77mRGoR6mAsC5+tfpdoZ+kmD4XtcX+N+iI9hrXAcKvmkPJDv6rL0t9movTdmcQ51XBmWbAhm2WRkyWwPLLsgMQ==", "product"=>{"name"=>"sdfsddsfsds", "price"=>"44", "image_url"=>"https://static.pexels.com/photos/36764/marguerite-daisy-beautiful-beauty.jpg", "colour"=>"Orange", "description"=>"dfsdgfdgsdgf"}, "commit"=>"Update Product", "id"=>"1"}
  [1m[36mProduct Load (0.2ms)[0m  [1m[34mSELECT  "products".* FROM "products" WHERE "products"."id" = ? LIMIT ?[0m  [["id", 1], ["LIMIT", 1]]
  [1m[35m (0.1ms)[0m  [1m[36mbegin transaction[0m
  [1m[35m (0.1ms)[0m  [1m[36mcommit transaction[0m
Redirected to http://localhost:3000/products/1
Completed 302 Found in 5ms (ActiveRecord: 0.4ms)


Started GET "/products/1" for 127.0.0.1 at 2017-11-25 11:19:47 +0200
Processing by ProductsController#show as HTML
  Parameters: {"id"=>"1"}
  [1m[36mProduct Load (0.1ms)[0m  [1m[34mSELECT  "products".* FROM "products" WHERE "products"."id" = ? LIMIT ?[0m  [["id", 1], ["LIMIT", 1]]
  Rendering products/show.html.erb within layouts/application
  [1m[35m (0.3ms)[0m  [1m[34mSELECT AVG("comments"."rating") FROM "comments" WHERE "comments"."product_id" = ?[0m  [["product_id", 1]]
  Rendered shared/_stripe_checkout_button.html.erb (0.6ms)
  Rendered products/_new_comment.html.erb (0.6ms)
  [1m[36mComment Load (0.3ms)[0m  [1m[34mSELECT  "comments".* FROM "comments" WHERE "comments"."product_id" = ? ORDER BY "comments"."rating" DESC LIMIT ?[0m  [["product_id", 1], ["LIMIT", 1]]
  [1m[35m (0.1ms)[0m  [1m[34mSELECT COUNT(*) FROM "comments" WHERE "comments"."product_id" = ?[0m  [["product_id", 1]]
  Rendered products/show.html.erb within layouts/application (8.8ms)
Completed 200 OK in 46ms (Views: 43.1ms | ActiveRecord: 0.8ms)


Started GET "/products/1" for 127.0.0.1 at 2017-11-25 11:22:02 +0200
Processing by ProductsController#show as HTML
  Parameters: {"id"=>"1"}
  [1m[36mProduct Load (0.3ms)[0m  [1m[34mSELECT  "products".* FROM "products" WHERE "products"."id" = ? LIMIT ?[0m  [["id", 1], ["LIMIT", 1]]
  Rendering products/show.html.erb within layouts/application
  [1m[35m (0.3ms)[0m  [1m[34mSELECT AVG("comments"."rating") FROM "comments" WHERE "comments"."product_id" = ?[0m  [["product_id", 1]]
  Rendered shared/_stripe_checkout_button.html.erb (0.5ms)
  Rendered products/_new_comment.html.erb (0.7ms)
  [1m[36mComment Load (0.3ms)[0m  [1m[34mSELECT  "comments".* FROM "comments" WHERE "comments"."product_id" = ? ORDER BY "comments"."rating" DESC LIMIT ?[0m  [["product_id", 1], ["LIMIT", 1]]
  [1m[35m (0.1ms)[0m  [1m[34mSELECT COUNT(*) FROM "comments" WHERE "comments"."product_id" = ?[0m  [["product_id", 1]]
  Rendered products/show.html.erb within layouts/application (9.7ms)
Completed 200 OK in 50ms (Views: 45.0ms | ActiveRecord: 1.1ms)


Started GET "/products/1/edit" for 127.0.0.1 at 2017-11-25 11:22:18 +0200
Processing by ProductsController#edit as HTML
  Parameters: {"id"=>"1"}
  [1m[36mProduct Load (0.3ms)[0m  [1m[34mSELECT  "products".* FROM "products" WHERE "products"."id" = ? LIMIT ?[0m  [["id", 1], ["LIMIT", 1]]
  Rendering products/edit.html.erb within layouts/application
  Rendered products/_form.html.erb (5.8ms)
  Rendered products/edit.html.erb within layouts/application (7.7ms)
Completed 200 OK in 48ms (Views: 45.2ms | ActiveRecord: 0.3ms)


Started PATCH "/products/1" for 127.0.0.1 at 2017-11-25 11:22:21 +0200
Processing by ProductsController#update as HTML
  Parameters: {"utf8"=>"✓", "authenticity_token"=>"960DQbZVSHqVVqjxjK1FFGlQMzsL/REODvA/o0WEyia8KAK02J0kxk4Z/plPBlKbfMpELF/EKxTitjIBGSPA7g==", "product"=>{"name"=>"sdfsddsfsds", "price"=>"44", "image_url"=>"https://static.pexels.com/photos/36764/marguerite-daisy-beautiful-beauty.jpg", "colour"=>"Orange", "description"=>"dfsdgfdgsdgf"}, "commit"=>"Update Product", "id"=>"1"}
  [1m[36mProduct Load (0.6ms)[0m  [1m[34mSELECT  "products".* FROM "products" WHERE "products"."id" = ? LIMIT ?[0m  [["id", 1], ["LIMIT", 1]]
  [1m[35m (0.1ms)[0m  [1m[36mbegin transaction[0m
  [1m[35m (0.1ms)[0m  [1m[36mcommit transaction[0m
Redirected to http://localhost:3000/products/1
Completed 302 Found in 5ms (ActiveRecord: 0.8ms)


Started GET "/products/1" for 127.0.0.1 at 2017-11-25 11:22:21 +0200
Processing by ProductsController#show as HTML
  Parameters: {"id"=>"1"}
  [1m[36mProduct Load (0.2ms)[0m  [1m[34mSELECT  "products".* FROM "products" WHERE "products"."id" = ? LIMIT ?[0m  [["id", 1], ["LIMIT", 1]]
  Rendering products/show.html.erb within layouts/application
  [1m[35m (0.2ms)[0m  [1m[34mSELECT AVG("comments"."rating") FROM "comments" WHERE "comments"."product_id" = ?[0m  [["product_id", 1]]
  Rendered shared/_stripe_checkout_button.html.erb (0.6ms)
  Rendered products/_new_comment.html.erb (1.3ms)
  [1m[36mComment Load (0.3ms)[0m  [1m[34mSELECT  "comments".* FROM "comments" WHERE "comments"."product_id" = ? ORDER BY "comments"."rating" DESC LIMIT ?[0m  [["product_id", 1], ["LIMIT", 1]]
  [1m[35m (0.1ms)[0m  [1m[34mSELECT COUNT(*) FROM "comments" WHERE "comments"."product_id" = ?[0m  [["product_id", 1]]
  Rendered products/show.html.erb within layouts/application (8.3ms)
Completed 200 OK in 43ms (Views: 40.1ms | ActiveRecord: 0.8ms)


Started GET "/products" for 127.0.0.1 at 2017-11-25 11:22:30 +0200
Processing by ProductsController#index as HTML
  Rendering products/index.html.erb within layouts/application
  [1m[36mProduct Load (0.4ms)[0m  [1m[34mSELECT "products".* FROM "products"[0m
  Rendered products/_product.html.erb (1.3ms)
  Rendered products/index.html.erb within layouts/application (4.3ms)
Completed 200 OK in 44ms (Views: 41.6ms | ActiveRecord: 0.4ms)


Started GET "/products" for 127.0.0.1 at 2017-11-25 11:22:39 +0200
Processing by ProductsController#index as HTML
  Rendering products/index.html.erb within layouts/application
  [1m[36mProduct Load (0.3ms)[0m  [1m[34mSELECT "products".* FROM "products"[0m
  Rendered products/_product.html.erb (1.6ms)
  Rendered products/index.html.erb within layouts/application (5.3ms)
Completed 200 OK in 45ms (Views: 42.0ms | ActiveRecord: 0.3ms)


Started GET "/static_pages/about" for 127.0.0.1 at 2017-11-25 11:22:41 +0200
Processing by StaticPagesController#about as HTML
  Rendering static_pages/about.html.erb within layouts/application
  Rendered static_pages/about.html.erb within layouts/application (0.4ms)
Completed 200 OK in 42ms (Views: 38.5ms | ActiveRecord: 0.0ms)


Started GET "/static_pages/contact" for 127.0.0.1 at 2017-11-25 11:22:42 +0200
Processing by StaticPagesController#contact as HTML
  Rendering static_pages/contact.html.erb within layouts/application
  Rendered static_pages/contact.html.erb within layouts/application (5.2ms)
Completed 200 OK in 41ms (Views: 39.8ms | ActiveRecord: 0.0ms)


Started GET "/products" for 127.0.0.1 at 2017-11-25 11:23:03 +0200
Processing by ProductsController#index as HTML
  Rendering products/index.html.erb within layouts/application
  [1m[36mProduct Load (0.3ms)[0m  [1m[34mSELECT "products".* FROM "products"[0m
  Rendered products/_product.html.erb (2.7ms)
  Rendered products/index.html.erb within layouts/application (5.8ms)
Completed 200 OK in 57ms (Views: 54.8ms | ActiveRecord: 0.3ms)


Started GET "/products/1/edit" for 127.0.0.1 at 2017-11-25 11:23:09 +0200
Processing by ProductsController#edit as HTML
  Parameters: {"id"=>"1"}
  [1m[36mProduct Load (0.2ms)[0m  [1m[34mSELECT  "products".* FROM "products" WHERE "products"."id" = ? LIMIT ?[0m  [["id", 1], ["LIMIT", 1]]
  Rendering products/edit.html.erb within layouts/application
  Rendered products/_form.html.erb (5.3ms)
  Rendered products/edit.html.erb within layouts/application (9.7ms)
Completed 200 OK in 49ms (Views: 45.2ms | ActiveRecord: 0.2ms)


Started PATCH "/products/1" for 127.0.0.1 at 2017-11-25 11:23:10 +0200
Processing by ProductsController#update as HTML
  Parameters: {"utf8"=>"✓", "authenticity_token"=>"Pbj1dW9060dKHHsdBptbR1hbAFXBEYCuWuYCi1+l/cR2PfSAAbyH+5FTLXXFMEzITcF3QpUourS2oA8pAwL3DA==", "product"=>{"name"=>"sdfsddsfsds", "price"=>"44", "image_url"=>"https://static.pexels.com/photos/36764/marguerite-daisy-beautiful-beauty.jpg", "colour"=>"Orange", "description"=>"dfsdgfdgsdgf"}, "commit"=>"Update Product", "id"=>"1"}
  [1m[36mProduct Load (0.3ms)[0m  [1m[34mSELECT  "products".* FROM "products" WHERE "products"."id" = ? LIMIT ?[0m  [["id", 1], ["LIMIT", 1]]
  [1m[35m (0.1ms)[0m  [1m[36mbegin transaction[0m
  [1m[35m (0.1ms)[0m  [1m[36mcommit transaction[0m
Redirected to http://localhost:3000/products/1
Completed 302 Found in 7ms (ActiveRecord: 0.6ms)


Started GET "/products/1" for 127.0.0.1 at 2017-11-25 11:23:10 +0200
Processing by ProductsController#show as HTML
  Parameters: {"id"=>"1"}
  [1m[36mProduct Load (0.1ms)[0m  [1m[34mSELECT  "products".* FROM "products" WHERE "products"."id" = ? LIMIT ?[0m  [["id", 1], ["LIMIT", 1]]
  Rendering products/show.html.erb within layouts/application
  [1m[35m (0.2ms)[0m  [1m[34mSELECT AVG("comments"."rating") FROM "comments" WHERE "comments"."product_id" = ?[0m  [["product_id", 1]]
  Rendered shared/_stripe_checkout_button.html.erb (0.5ms)
  Rendered products/_new_comment.html.erb (0.8ms)
  [1m[36mComment Load (0.3ms)[0m  [1m[34mSELECT  "comments".* FROM "comments" WHERE "comments"."product_id" = ? ORDER BY "comments"."rating" DESC LIMIT ?[0m  [["product_id", 1], ["LIMIT", 1]]
  [1m[35m (0.2ms)[0m  [1m[34mSELECT COUNT(*) FROM "comments" WHERE "comments"."product_id" = ?[0m  [["product_id", 1]]
  Rendered products/show.html.erb within layouts/application (7.8ms)
Completed 200 OK in 48ms (Views: 44.4ms | ActiveRecord: 0.8ms)


Started GET "/login" for 127.0.0.1 at 2017-11-25 11:23:37 +0200
Processing by Devise::SessionsController#new as HTML
  Rendering devise/sessions/new.html.erb within layouts/application
  Rendered devise/shared/_links.html.erb (1.5ms)
  Rendered devise/sessions/new.html.erb within layouts/application (44.8ms)
Completed 200 OK in 113ms (Views: 89.2ms | ActiveRecord: 0.8ms)


Started POST "/login" for 127.0.0.1 at 2017-11-25 11:23:40 +0200
Processing by Devise::SessionsController#create as HTML
  Parameters: {"utf8"=>"✓", "authenticity_token"=>"dlGqA/O29MFWvyCmlbVdVybgIsR1MGIh9HXi7L8qtOzB1/WCZr8jCauR7seW847raRufsNfik6d6U565QSpEPw==", "user"=>{"email"=>"123455oo@hotmail.com", "password"=>"[FILTERED]", "remember_me"=>"0"}, "commit"=>"Log in"}
  [1m[36mUser Load (0.3ms)[0m  [1m[34mSELECT  "users".* FROM "users" WHERE "users"."email" = ? ORDER BY "users"."id" ASC LIMIT ?[0m  [["email", "123455oo@hotmail.com"], ["LIMIT", 1]]
Completed 401 Unauthorized in 3ms (ActiveRecord: 0.3ms)


Processing by Devise::SessionsController#new as HTML
  Parameters: {"utf8"=>"✓", "authenticity_token"=>"dlGqA/O29MFWvyCmlbVdVybgIsR1MGIh9HXi7L8qtOzB1/WCZr8jCauR7seW847raRufsNfik6d6U565QSpEPw==", "user"=>{"email"=>"123455oo@hotmail.com", "password"=>"[FILTERED]", "remember_me"=>"0"}, "commit"=>"Log in"}
  Rendering devise/sessions/new.html.erb within layouts/application
  Rendered devise/shared/_links.html.erb (1.4ms)
  Rendered devise/sessions/new.html.erb within layouts/application (5.1ms)
Completed 200 OK in 251ms (Views: 39.2ms | ActiveRecord: 0.0ms)


Started GET "/static_pages/landing_page" for 127.0.0.1 at 2017-11-25 11:23:44 +0200
Processing by StaticPagesController#landing_page as HTML
  Rendering static_pages/landing_page.html.erb within layouts/application
  [1m[36mProduct Load (0.4ms)[0m  [1m[34mSELECT  "products".* FROM "products" LIMIT ?[0m  [["LIMIT", 9]]
  Rendered static_pages/landing_page.html.erb within layouts/application (4.1ms)
Completed 200 OK in 46ms (Views: 43.6ms | ActiveRecord: 0.4ms)


Started GET "/static_pages/landing_page" for 127.0.0.1 at 2017-11-25 11:23:46 +0200
Processing by StaticPagesController#landing_page as HTML
  Rendering static_pages/landing_page.html.erb within layouts/application
  [1m[36mProduct Load (0.2ms)[0m  [1m[34mSELECT  "products".* FROM "products" LIMIT ?[0m  [["LIMIT", 9]]
  Rendered static_pages/landing_page.html.erb within layouts/application (1.8ms)
Completed 200 OK in 40ms (Views: 37.9ms | ActiveRecord: 0.2ms)


Started GET "/static_pages/landing_page" for 127.0.0.1 at 2017-11-25 11:23:46 +0200
Processing by StaticPagesController#landing_page as HTML
  Rendering static_pages/landing_page.html.erb within layouts/application
  [1m[36mProduct Load (0.4ms)[0m  [1m[34mSELECT  "products".* FROM "products" LIMIT ?[0m  [["LIMIT", 9]]
  Rendered static_pages/landing_page.html.erb within layouts/application (5.3ms)
Completed 200 OK in 76ms (Views: 73.2ms | ActiveRecord: 0.4ms)


Started GET "/static_pages/landing_page" for 127.0.0.1 at 2017-11-25 11:23:47 +0200
Processing by StaticPagesController#landing_page as HTML
  Rendering static_pages/landing_page.html.erb within layouts/application
  [1m[36mProduct Load (0.3ms)[0m  [1m[34mSELECT  "products".* FROM "products" LIMIT ?[0m  [["LIMIT", 9]]
  Rendered static_pages/landing_page.html.erb within layouts/application (2.6ms)
Completed 200 OK in 60ms (Views: 57.3ms | ActiveRecord: 0.3ms)


Started GET "/products" for 127.0.0.1 at 2017-11-25 11:23:49 +0200
Processing by ProductsController#index as HTML
  Rendering products/index.html.erb within layouts/application
  [1m[36mProduct Load (0.4ms)[0m  [1m[34mSELECT "products".* FROM "products"[0m
  Rendered products/_product.html.erb (1.9ms)
  Rendered products/index.html.erb within layouts/application (5.8ms)
Completed 200 OK in 46ms (Views: 42.4ms | ActiveRecord: 0.4ms)


Started GET "/static_pages/about" for 127.0.0.1 at 2017-11-25 11:23:51 +0200
Processing by StaticPagesController#about as HTML
  Rendering static_pages/about.html.erb within layouts/application
  Rendered static_pages/about.html.erb within layouts/application (0.5ms)
Completed 200 OK in 43ms (Views: 41.9ms | ActiveRecord: 0.0ms)


Started GET "/static_pages/contact" for 127.0.0.1 at 2017-11-25 11:23:52 +0200
Processing by StaticPagesController#contact as HTML
  Rendering static_pages/contact.html.erb within layouts/application
  Rendered static_pages/contact.html.erb within layouts/application (3.1ms)
Completed 200 OK in 42ms (Views: 39.9ms | ActiveRecord: 0.0ms)


Started GET "/products" for 127.0.0.1 at 2017-11-25 11:23:53 +0200
Processing by ProductsController#index as HTML
  Rendering products/index.html.erb within layouts/application
  [1m[36mProduct Load (0.5ms)[0m  [1m[34mSELECT "products".* FROM "products"[0m
  Rendered products/_product.html.erb (2.4ms)
  Rendered products/index.html.erb within layouts/application (9.0ms)
Completed 200 OK in 85ms (Views: 82.0ms | ActiveRecord: 0.5ms)


Started GET "/static_pages/landing_page" for 127.0.0.1 at 2017-11-25 11:23:54 +0200
Processing by StaticPagesController#landing_page as HTML
  Rendering static_pages/landing_page.html.erb within layouts/application
  [1m[36mProduct Load (0.3ms)[0m  [1m[34mSELECT  "products".* FROM "products" LIMIT ?[0m  [["LIMIT", 9]]
  Rendered static_pages/landing_page.html.erb within layouts/application (2.6ms)
Completed 200 OK in 75ms (Views: 71.9ms | ActiveRecord: 0.3ms)


Started GET "/static_pages/landing_page" for 127.0.0.1 at 2017-11-25 11:23:56 +0200
Processing by StaticPagesController#landing_page as HTML
  Rendering static_pages/landing_page.html.erb within layouts/application
  [1m[36mProduct Load (0.3ms)[0m  [1m[34mSELECT  "products".* FROM "products" LIMIT ?[0m  [["LIMIT", 9]]
  Rendered static_pages/landing_page.html.erb within layouts/application (2.8ms)
Completed 200 OK in 68ms (Views: 65.2ms | ActiveRecord: 0.3ms)


Started GET "/products" for 127.0.0.1 at 2017-11-25 11:23:57 +0200
Processing by ProductsController#index as HTML
  Rendering products/index.html.erb within layouts/application
  [1m[36mProduct Load (0.3ms)[0m  [1m[34mSELECT "products".* FROM "products"[0m
  Rendered products/_product.html.erb (3.0ms)
  Rendered products/index.html.erb within layouts/application (6.4ms)
Completed 200 OK in 72ms (Views: 69.6ms | ActiveRecord: 0.3ms)


Started GET "/static_pages/about" for 127.0.0.1 at 2017-11-25 11:24:08 +0200
Processing by StaticPagesController#about as HTML
  Rendering static_pages/about.html.erb within layouts/application
  Rendered static_pages/about.html.erb within layouts/application (0.4ms)
Completed 200 OK in 59ms (Views: 56.3ms | ActiveRecord: 0.0ms)


Started GET "/static_pages/contact" for 127.0.0.1 at 2017-11-25 11:24:09 +0200
Processing by StaticPagesController#contact as HTML
  Rendering static_pages/contact.html.erb within layouts/application
  Rendered static_pages/contact.html.erb within layouts/application (5.0ms)
Completed 200 OK in 72ms (Views: 69.6ms | ActiveRecord: 0.0ms)


Started GET "/products" for 127.0.0.1 at 2017-11-25 11:24:10 +0200
Processing by ProductsController#index as HTML
  Rendering products/index.html.erb within layouts/application
  [1m[36mProduct Load (0.3ms)[0m  [1m[34mSELECT "products".* FROM "products"[0m
  Rendered products/_product.html.erb (1.9ms)
  Rendered products/index.html.erb within layouts/application (5.4ms)
Completed 200 OK in 72ms (Views: 69.5ms | ActiveRecord: 0.3ms)


Started GET "/products" for 127.0.0.1 at 2017-11-25 11:25:15 +0200
Processing by ProductsController#index as HTML
  Rendering products/index.html.erb within layouts/application
  [1m[36mProduct Load (0.3ms)[0m  [1m[34mSELECT "products".* FROM "products"[0m
  Rendered products/_product.html.erb (1.5ms)
  Rendered products/index.html.erb within layouts/application (4.2ms)
Completed 200 OK in 44ms (Views: 41.0ms | ActiveRecord: 0.3ms)


Started GET "/products" for 127.0.0.1 at 2017-11-25 11:25:18 +0200
Processing by ProductsController#index as HTML
  Rendering products/index.html.erb within layouts/application
  [1m[36mProduct Load (0.3ms)[0m  [1m[34mSELECT "products".* FROM "products"[0m
  Rendered products/_product.html.erb (1.5ms)
  Rendered products/index.html.erb within layouts/application (4.7ms)
Completed 200 OK in 42ms (Views: 39.5ms | ActiveRecord: 0.3ms)


Started GET "/static_pages/about" for 127.0.0.1 at 2017-11-25 11:25:19 +0200
Processing by StaticPagesController#about as HTML
  Rendering static_pages/about.html.erb within layouts/application
  Rendered static_pages/about.html.erb within layouts/application (0.7ms)
Completed 200 OK in 45ms (Views: 42.5ms | ActiveRecord: 0.0ms)


Started GET "/static_pages/contact" for 127.0.0.1 at 2017-11-25 11:25:20 +0200
Processing by StaticPagesController#contact as HTML
  Rendering static_pages/contact.html.erb within layouts/application
  Rendered static_pages/contact.html.erb within layouts/application (4.1ms)
Completed 200 OK in 53ms (Views: 50.7ms | ActiveRecord: 0.0ms)


Started GET "/static_pages/contact" for 127.0.0.1 at 2017-11-25 11:25:23 +0200
Processing by StaticPagesController#contact as HTML
  Rendering static_pages/contact.html.erb within layouts/application
  Rendered static_pages/contact.html.erb within layouts/application (3.3ms)
Completed 200 OK in 41ms (Views: 39.2ms | ActiveRecord: 0.0ms)


Started GET "/static_pages/contact" for 127.0.0.1 at 2017-11-25 11:27:27 +0200
Processing by StaticPagesController#contact as HTML
  Rendering static_pages/contact.html.erb within layouts/application
  Rendered static_pages/contact.html.erb within layouts/application (3.7ms)
Completed 200 OK in 40ms (Views: 37.8ms | ActiveRecord: 0.0ms)


Started GET "/static_pages/contact" for 127.0.0.1 at 2017-11-25 11:27:29 +0200
Processing by StaticPagesController#contact as HTML
  Rendering static_pages/contact.html.erb within layouts/application
  Rendered static_pages/contact.html.erb within layouts/application (1.9ms)
Completed 200 OK in 44ms (Views: 42.5ms | ActiveRecord: 0.0ms)


Started GET "/static_pages/about" for 127.0.0.1 at 2017-11-25 11:28:47 +0200
Processing by StaticPagesController#about as HTML
  Rendering static_pages/about.html.erb within layouts/application
  Rendered static_pages/about.html.erb within layouts/application (0.5ms)
Completed 200 OK in 41ms (Views: 38.8ms | ActiveRecord: 0.0ms)


Started GET "/static_pages/contact" for 127.0.0.1 at 2017-11-25 11:28:56 +0200
Processing by StaticPagesController#contact as HTML
  Rendering static_pages/contact.html.erb within layouts/application
  Rendered static_pages/contact.html.erb within layouts/application (2.8ms)
Completed 200 OK in 65ms (Views: 58.9ms | ActiveRecord: 0.0ms)


Started GET "/static_pages/about" for 127.0.0.1 at 2017-11-25 11:28:58 +0200
Processing by StaticPagesController#about as HTML
  Rendering static_pages/about.html.erb within layouts/application
  Rendered static_pages/about.html.erb within layouts/application (0.6ms)
Completed 200 OK in 56ms (Views: 54.2ms | ActiveRecord: 0.0ms)


Started GET "/products" for 127.0.0.1 at 2017-11-25 11:29:00 +0200
Processing by ProductsController#index as HTML
  Rendering products/index.html.erb within layouts/application
  [1m[36mProduct Load (0.2ms)[0m  [1m[34mSELECT "products".* FROM "products"[0m
  Rendered products/_product.html.erb (1.9ms)
  Rendered products/index.html.erb within layouts/application (4.7ms)
Completed 200 OK in 54ms (Views: 50.4ms | ActiveRecord: 0.2ms)


Started GET "/products" for 127.0.0.1 at 2017-11-25 11:29:02 +0200
Processing by ProductsController#index as HTML
  Rendering products/index.html.erb within layouts/application
  [1m[36mProduct Load (0.4ms)[0m  [1m[34mSELECT "products".* FROM "products"[0m
  Rendered products/_product.html.erb (1.5ms)
  Rendered products/index.html.erb within layouts/application (4.8ms)
Completed 200 OK in 43ms (Views: 40.1ms | ActiveRecord: 0.4ms)


Started GET "/static_pages/contact" for 127.0.0.1 at 2017-11-25 11:29:33 +0200
Processing by StaticPagesController#contact as HTML
  Rendering static_pages/contact.html.erb within layouts/application
  Rendered static_pages/contact.html.erb within layouts/application (1.8ms)
Completed 200 OK in 68ms (Views: 65.3ms | ActiveRecord: 0.0ms)


Started GET "/static_pages/about" for 127.0.0.1 at 2017-11-25 11:29:35 +0200
Processing by StaticPagesController#about as HTML
  Rendering static_pages/about.html.erb within layouts/application
  Rendered static_pages/about.html.erb within layouts/application (0.8ms)
Completed 200 OK in 58ms (Views: 55.6ms | ActiveRecord: 0.0ms)


Started GET "/products" for 127.0.0.1 at 2017-11-25 11:29:35 +0200
Processing by ProductsController#index as HTML
  Rendering products/index.html.erb within layouts/application
  [1m[36mProduct Load (0.4ms)[0m  [1m[34mSELECT "products".* FROM "products"[0m
  Rendered products/_product.html.erb (2.5ms)
  Rendered products/index.html.erb within layouts/application (6.6ms)
Completed 200 OK in 65ms (Views: 63.1ms | ActiveRecord: 0.4ms)


Started GET "/login" for 127.0.0.1 at 2017-11-25 11:29:37 +0200
Processing by Devise::SessionsController#new as HTML
  Rendering devise/sessions/new.html.erb within layouts/application
  Rendered devise/shared/_links.html.erb (1.7ms)
  Rendered devise/sessions/new.html.erb within layouts/application (6.9ms)
Completed 200 OK in 53ms (Views: 50.9ms | ActiveRecord: 0.0ms)


Started GET "/login" for 127.0.0.1 at 2017-11-25 11:30:42 +0200
Processing by Devise::SessionsController#new as HTML
  Rendering devise/sessions/new.html.erb within layouts/application
  Rendered devise/shared/_links.html.erb (1.6ms)
  Rendered devise/sessions/new.html.erb within layouts/application (5.3ms)
Completed 200 OK in 44ms (Views: 42.0ms | ActiveRecord: 0.0ms)


Started GET "/login" for 127.0.0.1 at 2017-11-25 11:30:47 +0200
Processing by Devise::SessionsController#new as HTML
  Parameters: {"authenticity_token"=>"YrKPdNghstnXX57O91ewpWJUk0RX1WqTCeB5aanAl6eMAdm6fX6foSjt2q37gJZcX44m2yeDESSr/JDpz87mOA=="}
  Rendering devise/sessions/new.html.erb within layouts/application
  Rendered devise/shared/_links.html.erb (1.4ms)
  Rendered devise/sessions/new.html.erb within layouts/application (6.6ms)
Completed 200 OK in 44ms (Views: 41.5ms | ActiveRecord: 0.0ms)


Started GET "/sign_up" for 127.0.0.1 at 2017-11-25 11:30:48 +0200
Processing by Devise::RegistrationsController#new as HTML
  Parameters: {"authenticity_token"=>"PnsB0U2Qyge+bzQH3ap60jqVeq+I9+9u8l9tOWElGnvQyFcf6M/nf0HdcGTRfVwrB0/PMPihlNlQQ4S5Bytr5A=="}
  Rendering devise/registrations/new.html.erb within layouts/application
  Rendered devise/shared/_links.html.erb (1.4ms)
  Rendered devise/registrations/new.html.erb within layouts/application (5.6ms)
Completed 200 OK in 41ms (Views: 39.3ms | ActiveRecord: 0.0ms)


Started GET "/" for 127.0.0.1 at 2017-11-25 11:31:00 +0200
Processing by StaticPagesController#landing_page as HTML
  Rendering static_pages/landing_page.html.erb within layouts/application
  [1m[36mProduct Load (0.3ms)[0m  [1m[34mSELECT  "products".* FROM "products" LIMIT ?[0m  [["LIMIT", 9]]
  Rendered static_pages/landing_page.html.erb within layouts/application (2.1ms)
Completed 200 OK in 49ms (Views: 36.9ms | ActiveRecord: 0.3ms)


Started GET "/products/" for 127.0.0.1 at 2017-11-25 11:31:09 +0200
Processing by ProductsController#index as HTML
  Rendering products/index.html.erb within layouts/application
  [1m[36mProduct Load (0.3ms)[0m  [1m[34mSELECT "products".* FROM "products"[0m
  Rendered products/_product.html.erb (2.3ms)
  Rendered products/index.html.erb within layouts/application (5.1ms)
Completed 200 OK in 47ms (Views: 44.4ms | ActiveRecord: 0.3ms)


Started GET "/static_pages/about" for 127.0.0.1 at 2017-11-25 11:31:10 +0200
Processing by StaticPagesController#about as HTML
  Rendering static_pages/about.html.erb within layouts/application
  Rendered static_pages/about.html.erb within layouts/application (0.5ms)
Completed 200 OK in 40ms (Views: 35.7ms | ActiveRecord: 0.0ms)


Started GET "/static_pages/contact" for 127.0.0.1 at 2017-11-25 11:31:11 +0200
Processing by StaticPagesController#contact as HTML
  Rendering static_pages/contact.html.erb within layouts/application
  Rendered static_pages/contact.html.erb within layouts/application (2.9ms)
Completed 200 OK in 47ms (Views: 45.6ms | ActiveRecord: 0.0ms)


Started GET "/login" for 127.0.0.1 at 2017-11-25 11:31:54 +0200
Processing by Devise::SessionsController#new as HTML
  Parameters: {"authenticity_token"=>"GfzEqLqimeXzmSF7wszo8MsuQ2blK8oE4OpziDkvO373T5JmH/20nQwrZRjOG84J9vT2+ZV9sbNC9poIXyFK4Q=="}
  Rendering devise/sessions/new.html.erb within layouts/application
  Rendered devise/shared/_links.html.erb (1.7ms)
  Rendered devise/sessions/new.html.erb within layouts/application (6.6ms)
Completed 200 OK in 49ms (Views: 47.5ms | ActiveRecord: 0.0ms)


Started GET "/" for 127.0.0.1 at 2017-11-25 11:31:55 +0200
Processing by StaticPagesController#landing_page as HTML
  Rendering static_pages/landing_page.html.erb within layouts/application
  [1m[36mProduct Load (0.4ms)[0m  [1m[34mSELECT  "products".* FROM "products" LIMIT ?[0m  [["LIMIT", 9]]
  Rendered static_pages/landing_page.html.erb within layouts/application (3.5ms)
Completed 200 OK in 44ms (Views: 42.0ms | ActiveRecord: 0.4ms)


Started GET "/products/" for 127.0.0.1 at 2017-11-25 11:31:57 +0200
Processing by ProductsController#index as HTML
  Rendering products/index.html.erb within layouts/application
  [1m[36mProduct Load (0.4ms)[0m  [1m[34mSELECT "products".* FROM "products"[0m
  Rendered products/_product.html.erb (2.0ms)
  Rendered products/index.html.erb within layouts/application (5.2ms)
Completed 200 OK in 46ms (Views: 43.6ms | ActiveRecord: 0.4ms)


Started GET "/static_pages/about" for 127.0.0.1 at 2017-11-25 11:31:58 +0200
Processing by StaticPagesController#about as HTML
  Rendering static_pages/about.html.erb within layouts/application
  Rendered static_pages/about.html.erb within layouts/application (0.8ms)
Completed 200 OK in 44ms (Views: 42.5ms | ActiveRecord: 0.0ms)


Started GET "/static_pages/contact" for 127.0.0.1 at 2017-11-25 11:31:59 +0200
Processing by StaticPagesController#contact as HTML
  Rendering static_pages/contact.html.erb within layouts/application
  Rendered static_pages/contact.html.erb within layouts/application (2.9ms)
Completed 200 OK in 46ms (Views: 44.2ms | ActiveRecord: 0.0ms)


Started GET "/" for 127.0.0.1 at 2017-11-25 11:32:43 +0200
Processing by StaticPagesController#landing_page as HTML
  Rendering static_pages/landing_page.html.erb within layouts/application
  [1m[36mProduct Load (0.4ms)[0m  [1m[34mSELECT  "products".* FROM "products" LIMIT ?[0m  [["LIMIT", 9]]
  Rendered static_pages/landing_page.html.erb within layouts/application (3.1ms)
Completed 200 OK in 81ms (Views: 78.7ms | ActiveRecord: 0.4ms)


Started GET "/products/" for 127.0.0.1 at 2017-11-25 11:32:44 +0200
Processing by ProductsController#index as HTML
  Rendering products/index.html.erb within layouts/application
  [1m[36mProduct Load (0.3ms)[0m  [1m[34mSELECT "products".* FROM "products"[0m
  Rendered products/_product.html.erb (1.5ms)
  Rendered products/index.html.erb within layouts/application (4.2ms)
Completed 200 OK in 63ms (Views: 60.4ms | ActiveRecord: 0.3ms)


Started GET "/static_pages/about" for 127.0.0.1 at 2017-11-25 11:32:45 +0200
Processing by StaticPagesController#about as HTML
  Rendering static_pages/about.html.erb within layouts/application
  Rendered static_pages/about.html.erb within layouts/application (0.9ms)
Completed 200 OK in 66ms (Views: 63.8ms | ActiveRecord: 0.0ms)


Started GET "/static_pages/contact" for 127.0.0.1 at 2017-11-25 11:32:46 +0200
Processing by StaticPagesController#contact as HTML
  Rendering static_pages/contact.html.erb within layouts/application
  Rendered static_pages/contact.html.erb within layouts/application (3.2ms)
Completed 200 OK in 69ms (Views: 66.5ms | ActiveRecord: 0.0ms)


Started GET "/static_pages/contact" for 127.0.0.1 at 2017-11-25 11:33:21 +0200
Processing by StaticPagesController#contact as HTML
  Rendering static_pages/contact.html.erb within layouts/application
  Rendered static_pages/contact.html.erb within layouts/application (1.9ms)
Completed 200 OK in 41ms (Views: 39.2ms | ActiveRecord: 0.0ms)


Started GET "/products" for 127.0.0.1 at 2017-11-25 11:33:23 +0200
Processing by ProductsController#index as HTML
  Rendering products/index.html.erb within layouts/application
  [1m[36mProduct Load (0.4ms)[0m  [1m[34mSELECT "products".* FROM "products"[0m
  Rendered products/_product.html.erb (1.9ms)
  Rendered products/index.html.erb within layouts/application (5.5ms)
Completed 200 OK in 46ms (Views: 43.0ms | ActiveRecord: 0.4ms)


Started GET "/static_pages/about" for 127.0.0.1 at 2017-11-25 11:33:26 +0200
Processing by StaticPagesController#about as HTML
  Rendering static_pages/about.html.erb within layouts/application
  Rendered static_pages/about.html.erb within layouts/application (0.6ms)
Completed 200 OK in 39ms (Views: 37.3ms | ActiveRecord: 0.0ms)


Started GET "/static_pages/contact" for 127.0.0.1 at 2017-11-25 11:33:27 +0200
Processing by StaticPagesController#contact as HTML
  Rendering static_pages/contact.html.erb within layouts/application
  Rendered static_pages/contact.html.erb within layouts/application (2.3ms)
Completed 200 OK in 71ms (Views: 68.9ms | ActiveRecord: 0.0ms)


Started GET "/products" for 127.0.0.1 at 2017-11-25 11:33:28 +0200
Processing by ProductsController#index as HTML
  Rendering products/index.html.erb within layouts/application
  [1m[36mProduct Load (0.3ms)[0m  [1m[34mSELECT "products".* FROM "products"[0m
  Rendered products/_product.html.erb (1.3ms)
  Rendered products/index.html.erb within layouts/application (3.8ms)
Completed 200 OK in 58ms (Views: 55.5ms | ActiveRecord: 0.3ms)


Started GET "/products/new" for 127.0.0.1 at 2017-11-25 11:33:38 +0200
Processing by ProductsController#new as HTML
  Rendering products/new.html.erb within layouts/application
  Rendered products/_form.html.erb (11.9ms)
  Rendered products/new.html.erb within layouts/application (14.0ms)
Completed 200 OK in 54ms (Views: 51.2ms | ActiveRecord: 0.0ms)


Started GET "/products" for 127.0.0.1 at 2017-11-25 11:33:48 +0200
Processing by ProductsController#index as HTML
  Rendering products/index.html.erb within layouts/application
  [1m[36mProduct Load (0.3ms)[0m  [1m[34mSELECT "products".* FROM "products"[0m
  Rendered products/_product.html.erb (1.8ms)
  Rendered products/index.html.erb within layouts/application (4.8ms)
Completed 200 OK in 68ms (Views: 65.5ms | ActiveRecord: 0.3ms)


Started GET "/products/new" for 127.0.0.1 at 2017-11-25 11:34:42 +0200
Processing by ProductsController#new as HTML
  Rendering products/new.html.erb within layouts/application
  Rendered products/_form.html.erb (6.7ms)
  Rendered products/new.html.erb within layouts/application (8.7ms)
Completed 200 OK in 82ms (Views: 79.5ms | ActiveRecord: 0.0ms)


Started POST "/products" for 127.0.0.1 at 2017-11-25 11:35:09 +0200
Processing by ProductsController#create as HTML
  Parameters: {"utf8"=>"✓", "authenticity_token"=>"Y/0tvDuuJEdVN8Guv9cd6SOG2UQ4BWah287cn5ZwskSpQim+JGX3AtoGnGvp75qK/qe6o0Mb0rQ5vEbhV0VjSw==", "product"=>{"name"=>"flower1", "price"=>"44", "image_url"=>"https://static.pexels.com/photos/69465/tulips-garden-flowers-color-69465.jpeg", "colour"=>"red", "description"=>"twleep flowers"}, "commit"=>"Create Product"}
  [1m[35m (0.1ms)[0m  [1m[36mbegin transaction[0m
  [1m[35mSQL (0.5ms)[0m  [1m[32mINSERT INTO "products" ("name", "description", "image_url", "created_at", "updated_at", "colour", "price") VALUES (?, ?, ?, ?, ?, ?, ?)[0m  [["name", "flower1"], ["description", "twleep flowers"], ["image_url", "https://static.pexels.com/photos/69465/tulips-garden-flowers-color-69465.jpeg"], ["created_at", "2017-11-25 09:35:09.314448"], ["updated_at", "2017-11-25 09:35:09.314448"], ["colour", "red"], ["price", 44]]
  [1m[35m (160.3ms)[0m  [1m[36mcommit transaction[0m
Redirected to http://localhost:3000/products/2
Completed 302 Found in 167ms (ActiveRecord: 160.9ms)


Started GET "/products/2" for 127.0.0.1 at 2017-11-25 11:35:09 +0200
Processing by ProductsController#show as HTML
  Parameters: {"id"=>"2"}
  [1m[36mProduct Load (0.2ms)[0m  [1m[34mSELECT  "products".* FROM "products" WHERE "products"."id" = ? LIMIT ?[0m  [["id", 2], ["LIMIT", 1]]
  Rendering products/show.html.erb within layouts/application
  [1m[35m (0.4ms)[0m  [1m[34mSELECT AVG("comments"."rating") FROM "comments" WHERE "comments"."product_id" = ?[0m  [["product_id", 2]]
  Rendered shared/_stripe_checkout_button.html.erb (1.1ms)
  Rendered products/_new_comment.html.erb (0.9ms)
  [1m[36mComment Load (0.3ms)[0m  [1m[34mSELECT  "comments".* FROM "comments" WHERE "comments"."product_id" = ? ORDER BY "comments"."rating" DESC LIMIT ?[0m  [["product_id", 2], ["LIMIT", 1]]
  [1m[35m (0.1ms)[0m  [1m[34mSELECT COUNT(*) FROM "comments" WHERE "comments"."product_id" = ?[0m  [["product_id", 2]]
  Rendered products/show.html.erb within layouts/application (11.1ms)
Completed 200 OK in 54ms (Views: 49.1ms | ActiveRecord: 1.0ms)


Started GET "/products" for 127.0.0.1 at 2017-11-25 11:35:35 +0200
Processing by ProductsController#index as HTML
  Rendering products/index.html.erb within layouts/application
  [1m[36mProduct Load (0.3ms)[0m  [1m[34mSELECT "products".* FROM "products"[0m
  Rendered products/_product.html.erb (1.4ms)
  Rendered products/_product.html.erb (0.8ms)
  Rendered products/index.html.erb within layouts/application (6.2ms)
Completed 200 OK in 53ms (Views: 50.3ms | ActiveRecord: 0.3ms)


Started GET "/products" for 127.0.0.1 at 2017-11-25 11:35:45 +0200
Processing by ProductsController#index as HTML
  Rendering products/index.html.erb within layouts/application
  [1m[36mProduct Load (0.2ms)[0m  [1m[34mSELECT "products".* FROM "products"[0m
  Rendered products/_product.html.erb (1.1ms)
  Rendered products/_product.html.erb (0.4ms)
  Rendered products/index.html.erb within layouts/application (4.6ms)
Completed 200 OK in 44ms (Views: 40.9ms | ActiveRecord: 0.2ms)


Started GET "/static_pages/about" for 127.0.0.1 at 2017-11-25 11:35:48 +0200
Processing by StaticPagesController#about as HTML
  Rendering static_pages/about.html.erb within layouts/application
  Rendered static_pages/about.html.erb within layouts/application (0.5ms)
Completed 200 OK in 40ms (Views: 38.6ms | ActiveRecord: 0.0ms)


Started GET "/static_pages/contact" for 127.0.0.1 at 2017-11-25 11:35:50 +0200
Processing by StaticPagesController#contact as HTML
  Rendering static_pages/contact.html.erb within layouts/application
  Rendered static_pages/contact.html.erb within layouts/application (2.8ms)
Completed 200 OK in 40ms (Views: 38.4ms | ActiveRecord: 0.0ms)


Started GET "/products" for 127.0.0.1 at 2017-11-25 11:35:51 +0200
Processing by ProductsController#index as HTML
  Rendering products/index.html.erb within layouts/application
  [1m[36mProduct Load (0.2ms)[0m  [1m[34mSELECT "products".* FROM "products"[0m
  Rendered products/_product.html.erb (1.2ms)
  Rendered products/_product.html.erb (0.6ms)
  Rendered products/index.html.erb within layouts/application (5.4ms)
Completed 200 OK in 89ms (Views: 86.9ms | ActiveRecord: 0.2ms)


Started GET "/products" for 127.0.0.1 at 2017-11-25 11:38:54 +0200
Processing by ProductsController#index as HTML
  Rendering products/index.html.erb within layouts/application
  [1m[36mProduct Load (0.3ms)[0m  [1m[34mSELECT "products".* FROM "products"[0m
  Rendered products/_product.html.erb (1.5ms)
  Rendered products/_product.html.erb (0.6ms)
  Rendered products/index.html.erb within layouts/application (6.0ms)
Completed 200 OK in 158ms (Views: 156.3ms | ActiveRecord: 0.3ms)


Started GET "/products/new" for 127.0.0.1 at 2017-11-25 11:38:58 +0200
Processing by ProductsController#new as HTML
  Rendering products/new.html.erb within layouts/application
  Rendered products/_form.html.erb (5.8ms)
  Rendered products/new.html.erb within layouts/application (7.4ms)
Completed 200 OK in 48ms (Views: 45.8ms | ActiveRecord: 0.0ms)


Started POST "/products" for 127.0.0.1 at 2017-11-25 11:39:14 +0200
Processing by ProductsController#create as HTML
  Parameters: {"utf8"=>"✓", "authenticity_token"=>"nyQ3658I9aAGjbuE0YJA95nioohfqnPXPnZtg4H5L2pVmzPpgMMm5Ym85kGHuseURMPBbyS0x8LcBPf9QMz+ZQ==", "product"=>{"name"=>"Flower3", "price"=>"44", "image_url"=>"https://static.pexels.com/photos/69465/tulips-garden-flowers-color-69465.jpeg", "colour"=>"Orange", "description"=>"flowerssssssssssssssssss"}, "commit"=>"Create Product"}
  [1m[35m (0.1ms)[0m  [1m[36mbegin transaction[0m
  [1m[35mSQL (0.5ms)[0m  [1m[32mINSERT INTO "products" ("name", "description", "image_url", "created_at", "updated_at", "colour", "price") VALUES (?, ?, ?, ?, ?, ?, ?)[0m  [["name", "Flower3"], ["description", "flowerssssssssssssssssss"], ["image_url", "https://static.pexels.com/photos/69465/tulips-garden-flowers-color-69465.jpeg"], ["created_at", "2017-11-25 09:39:14.754562"], ["updated_at", "2017-11-25 09:39:14.754562"], ["colour", "Orange"], ["price", 44]]
  [1m[35m (124.3ms)[0m  [1m[36mcommit transaction[0m
Redirected to http://localhost:3000/products/3
Completed 302 Found in 133ms (ActiveRecord: 124.8ms)


Started GET "/products/3" for 127.0.0.1 at 2017-11-25 11:39:14 +0200
Processing by ProductsController#show as HTML
  Parameters: {"id"=>"3"}
  [1m[36mProduct Load (0.3ms)[0m  [1m[34mSELECT  "products".* FROM "products" WHERE "products"."id" = ? LIMIT ?[0m  [["id", 3], ["LIMIT", 1]]
  Rendering products/show.html.erb within layouts/application
  [1m[35m (0.3ms)[0m  [1m[34mSELECT AVG("comments"."rating") FROM "comments" WHERE "comments"."product_id" = ?[0m  [["product_id", 3]]
  Rendered shared/_stripe_checkout_button.html.erb (0.8ms)
  Rendered products/_new_comment.html.erb (1.1ms)
  [1m[36mComment Load (0.3ms)[0m  [1m[34mSELECT  "comments".* FROM "comments" WHERE "comments"."product_id" = ? ORDER BY "comments"."rating" DESC LIMIT ?[0m  [["product_id", 3], ["LIMIT", 1]]
  [1m[35m (0.2ms)[0m  [1m[34mSELECT COUNT(*) FROM "comments" WHERE "comments"."product_id" = ?[0m  [["product_id", 3]]
  Rendered products/show.html.erb within layouts/application (10.0ms)
Completed 200 OK in 49ms (Views: 43.1ms | ActiveRecord: 1.1ms)


Started GET "/square-image.png" for 127.0.0.1 at 2017-11-25 11:41:05 +0200
  
ActionController::RoutingError (No route matches [GET] "/square-image.png"):
  
actionpack (5.1.2) lib/action_dispatch/middleware/debug_exceptions.rb:63:in `call'
web-console (3.5.1) lib/web_console/middleware.rb:135:in `call_app'
web-console (3.5.1) lib/web_console/middleware.rb:28:in `block in call'
web-console (3.5.1) lib/web_console/middleware.rb:18:in `catch'
web-console (3.5.1) lib/web_console/middleware.rb:18:in `call'
actionpack (5.1.2) lib/action_dispatch/middleware/show_exceptions.rb:31:in `call'
railties (5.1.2) lib/rails/rack/logger.rb:36:in `call_app'
railties (5.1.2) lib/rails/rack/logger.rb:24:in `block in call'
activesupport (5.1.2) lib/active_support/tagged_logging.rb:69:in `block in tagged'
activesupport (5.1.2) lib/active_support/tagged_logging.rb:26:in `tagged'
activesupport (5.1.2) lib/active_support/tagged_logging.rb:69:in `tagged'
railties (5.1.2) lib/rails/rack/logger.rb:24:in `call'
sprockets-rails (3.2.0) lib/sprockets/rails/quiet_assets.rb:13:in `call'
actionpack (5.1.2) lib/action_dispatch/middleware/remote_ip.rb:79:in `call'
actionpack (5.1.2) lib/action_dispatch/middleware/request_id.rb:25:in `call'
rack (2.0.3) lib/rack/method_override.rb:22:in `call'
rack (2.0.3) lib/rack/runtime.rb:22:in `call'
activesupport (5.1.2) lib/active_support/cache/strategy/local_cache_middleware.rb:27:in `call'
actionpack (5.1.2) lib/action_dispatch/middleware/executor.rb:12:in `call'
actionpack (5.1.2) lib/action_dispatch/middleware/static.rb:125:in `call'
rack (2.0.3) lib/rack/sendfile.rb:111:in `call'
railties (5.1.2) lib/rails/engine.rb:522:in `call'
puma (3.9.1) lib/puma/configuration.rb:224:in `call'
puma (3.9.1) lib/puma/server.rb:602:in `handle_request'
puma (3.9.1) lib/puma/server.rb:435:in `process_client'
puma (3.9.1) lib/puma/server.rb:299:in `block in run'
puma (3.9.1) lib/puma/thread_pool.rb:120:in `block in spawn_thread'
Started GET "/products" for 127.0.0.1 at 2017-11-25 11:41:23 +0200
Processing by ProductsController#index as HTML
  Rendering products/index.html.erb within layouts/application
  [1m[36mProduct Load (0.2ms)[0m  [1m[34mSELECT "products".* FROM "products"[0m
  Rendered products/_product.html.erb (1.4ms)
  Rendered products/_product.html.erb (0.5ms)
  Rendered products/_product.html.erb (0.4ms)
  Rendered products/index.html.erb within layouts/application (6.9ms)
Completed 200 OK in 47ms (Views: 44.1ms | ActiveRecord: 0.2ms)


Started GET "/products/1" for 127.0.0.1 at 2017-11-25 11:41:59 +0200
Processing by ProductsController#show as HTML
  Parameters: {"id"=>"1"}
  [1m[36mProduct Load (0.1ms)[0m  [1m[34mSELECT  "products".* FROM "products" WHERE "products"."id" = ? LIMIT ?[0m  [["id", 1], ["LIMIT", 1]]
  Rendering products/show.html.erb within layouts/application
  [1m[35m (0.3ms)[0m  [1m[34mSELECT AVG("comments"."rating") FROM "comments" WHERE "comments"."product_id" = ?[0m  [["product_id", 1]]
  Rendered shared/_stripe_checkout_button.html.erb (1.1ms)
  Rendered products/_new_comment.html.erb (1.3ms)
  [1m[36mComment Load (1.2ms)[0m  [1m[34mSELECT  "comments".* FROM "comments" WHERE "comments"."product_id" = ? ORDER BY "comments"."rating" DESC LIMIT ?[0m  [["product_id", 1], ["LIMIT", 1]]
  [1m[35m (0.2ms)[0m  [1m[34mSELECT COUNT(*) FROM "comments" WHERE "comments"."product_id" = ?[0m  [["product_id", 1]]
  Rendered products/show.html.erb within layouts/application (13.2ms)
Completed 200 OK in 60ms (Views: 55.5ms | ActiveRecord: 1.8ms)


Started GET "/products" for 127.0.0.1 at 2017-11-25 11:42:17 +0200
Processing by ProductsController#index as HTML
  Rendering products/index.html.erb within layouts/application
  [1m[36mProduct Load (0.3ms)[0m  [1m[34mSELECT "products".* FROM "products"[0m
  Rendered products/_product.html.erb (3.8ms)
  Rendered products/_product.html.erb (0.6ms)
  Rendered products/_product.html.erb (0.7ms)
  Rendered products/index.html.erb within layouts/application (13.9ms)
Completed 200 OK in 82ms (Views: 79.5ms | ActiveRecord: 0.3ms)


Started GET "/products/2" for 127.0.0.1 at 2017-11-25 11:42:20 +0200
Processing by ProductsController#show as HTML
  Parameters: {"id"=>"2"}
  [1m[36mProduct Load (0.2ms)[0m  [1m[34mSELECT  "products".* FROM "products" WHERE "products"."id" = ? LIMIT ?[0m  [["id", 2], ["LIMIT", 1]]
  Rendering products/show.html.erb within layouts/application
  [1m[35m (0.3ms)[0m  [1m[34mSELECT AVG("comments"."rating") FROM "comments" WHERE "comments"."product_id" = ?[0m  [["product_id", 2]]
  Rendered shared/_stripe_checkout_button.html.erb (0.8ms)
  Rendered products/_new_comment.html.erb (3.0ms)
  [1m[36mComment Load (0.3ms)[0m  [1m[34mSELECT  "comments".* FROM "comments" WHERE "comments"."product_id" = ? ORDER BY "comments"."rating" DESC LIMIT ?[0m  [["product_id", 2], ["LIMIT", 1]]
  [1m[35m (0.2ms)[0m  [1m[34mSELECT COUNT(*) FROM "comments" WHERE "comments"."product_id" = ?[0m  [["product_id", 2]]
  Rendered products/show.html.erb within layouts/application (13.5ms)
Completed 200 OK in 60ms (Views: 55.3ms | ActiveRecord: 1.0ms)


Started GET "/products/2/edit" for 127.0.0.1 at 2017-11-25 11:42:34 +0200
Processing by ProductsController#edit as HTML
  Parameters: {"id"=>"2"}
  [1m[36mProduct Load (0.3ms)[0m  [1m[34mSELECT  "products".* FROM "products" WHERE "products"."id" = ? LIMIT ?[0m  [["id", 2], ["LIMIT", 1]]
  Rendering products/edit.html.erb within layouts/application
  Rendered products/_form.html.erb (6.9ms)
  Rendered products/edit.html.erb within layouts/application (8.8ms)
Completed 200 OK in 45ms (Views: 42.8ms | ActiveRecord: 0.3ms)


Started PATCH "/products/2" for 127.0.0.1 at 2017-11-25 11:42:37 +0200
Processing by ProductsController#update as HTML
  Parameters: {"utf8"=>"✓", "authenticity_token"=>"sxALnPtO50px9CHTnyY5DUrAszjHb47ugn5rSh/jYyd9j6gKFnfw4XYSBBw+OOE7sEQ+I4DyxJWKY1/u43er9A==", "product"=>{"name"=>"flower1", "price"=>"44", "image_url"=>"https://static.pexels.com/photos/69465/tulips-garden-flowers-color-69465.jpeg", "colour"=>"red", "description"=>"twleep flowers"}, "commit"=>"Update Product", "id"=>"2"}
  [1m[36mProduct Load (0.3ms)[0m  [1m[34mSELECT  "products".* FROM "products" WHERE "products"."id" = ? LIMIT ?[0m  [["id", 2], ["LIMIT", 1]]
  [1m[35m (0.1ms)[0m  [1m[36mbegin transaction[0m
  [1m[35m (0.1ms)[0m  [1m[36mcommit transaction[0m
Redirected to http://localhost:3000/products/2
Completed 302 Found in 5ms (ActiveRecord: 0.5ms)


Started GET "/products/2" for 127.0.0.1 at 2017-11-25 11:42:37 +0200
Processing by ProductsController#show as HTML
  Parameters: {"id"=>"2"}
  [1m[36mProduct Load (0.3ms)[0m  [1m[34mSELECT  "products".* FROM "products" WHERE "products"."id" = ? LIMIT ?[0m  [["id", 2], ["LIMIT", 1]]
  Rendering products/show.html.erb within layouts/application
  [1m[35m (0.2ms)[0m  [1m[34mSELECT AVG("comments"."rating") FROM "comments" WHERE "comments"."product_id" = ?[0m  [["product_id", 2]]
  Rendered shared/_stripe_checkout_button.html.erb (0.6ms)
  Rendered products/_new_comment.html.erb (1.0ms)
  [1m[36mComment Load (0.3ms)[0m  [1m[34mSELECT  "comments".* FROM "comments" WHERE "comments"."product_id" = ? ORDER BY "comments"."rating" DESC LIMIT ?[0m  [["product_id", 2], ["LIMIT", 1]]
  [1m[35m (0.2ms)[0m  [1m[34mSELECT COUNT(*) FROM "comments" WHERE "comments"."product_id" = ?[0m  [["product_id", 2]]
  Rendered products/show.html.erb within layouts/application (9.0ms)
Completed 200 OK in 55ms (Views: 50.1ms | ActiveRecord: 1.0ms)


Started GET "/products/2" for 127.0.0.1 at 2017-11-25 11:46:02 +0200
Processing by ProductsController#show as HTML
  Parameters: {"id"=>"2"}
  [1m[36mProduct Load (0.3ms)[0m  [1m[34mSELECT  "products".* FROM "products" WHERE "products"."id" = ? LIMIT ?[0m  [["id", 2], ["LIMIT", 1]]
  Rendering products/show.html.erb within layouts/application
  [1m[35m (0.2ms)[0m  [1m[34mSELECT AVG("comments"."rating") FROM "comments" WHERE "comments"."product_id" = ?[0m  [["product_id", 2]]
  Rendered shared/_stripe_checkout_button.html.erb (0.8ms)
  Rendered products/_new_comment.html.erb (0.8ms)
  [1m[36mComment Load (0.2ms)[0m  [1m[34mSELECT  "comments".* FROM "comments" WHERE "comments"."product_id" = ? ORDER BY "comments"."rating" DESC LIMIT ?[0m  [["product_id", 2], ["LIMIT", 1]]
  [1m[35m (0.2ms)[0m  [1m[34mSELECT COUNT(*) FROM "comments" WHERE "comments"."product_id" = ?[0m  [["product_id", 2]]
  Rendered products/show.html.erb within layouts/application (8.6ms)
Completed 200 OK in 116ms (Views: 111.8ms | ActiveRecord: 0.9ms)


Started GET "/products" for 127.0.0.1 at 2017-11-25 11:46:15 +0200
Processing by ProductsController#index as HTML
  Rendering products/index.html.erb within layouts/application
  [1m[36mProduct Load (0.4ms)[0m  [1m[34mSELECT "products".* FROM "products"[0m
  Rendered products/_product.html.erb (2.7ms)
  Rendered products/_product.html.erb (0.6ms)
  Rendered products/_product.html.erb (0.6ms)
  Rendered products/index.html.erb within layouts/application (10.4ms)
Completed 200 OK in 63ms (Views: 61.1ms | ActiveRecord: 0.4ms)


Started GET "/products/3" for 127.0.0.1 at 2017-11-25 11:46:18 +0200
Processing by ProductsController#show as HTML
  Parameters: {"id"=>"3"}
  [1m[36mProduct Load (0.2ms)[0m  [1m[34mSELECT  "products".* FROM "products" WHERE "products"."id" = ? LIMIT ?[0m  [["id", 3], ["LIMIT", 1]]
  Rendering products/show.html.erb within layouts/application
  [1m[35m (0.2ms)[0m  [1m[34mSELECT AVG("comments"."rating") FROM "comments" WHERE "comments"."product_id" = ?[0m  [["product_id", 3]]
  Rendered shared/_stripe_checkout_button.html.erb (0.6ms)
  Rendered products/_new_comment.html.erb (0.7ms)
  [1m[36mComment Load (0.2ms)[0m  [1m[34mSELECT  "comments".* FROM "comments" WHERE "comments"."product_id" = ? ORDER BY "comments"."rating" DESC LIMIT ?[0m  [["product_id", 3], ["LIMIT", 1]]
  [1m[35m (0.2ms)[0m  [1m[34mSELECT COUNT(*) FROM "comments" WHERE "comments"."product_id" = ?[0m  [["product_id", 3]]
  Rendered products/show.html.erb within layouts/application (11.1ms)
Completed 200 OK in 55ms (Views: 49.6ms | ActiveRecord: 0.9ms)


Started GET "/products/3" for 127.0.0.1 at 2017-11-25 11:46:37 +0200
Processing by ProductsController#show as HTML
  Parameters: {"id"=>"3"}
  [1m[36mProduct Load (0.4ms)[0m  [1m[34mSELECT  "products".* FROM "products" WHERE "products"."id" = ? LIMIT ?[0m  [["id", 3], ["LIMIT", 1]]
  Rendering products/show.html.erb within layouts/application
  [1m[35m (0.2ms)[0m  [1m[34mSELECT AVG("comments"."rating") FROM "comments" WHERE "comments"."product_id" = ?[0m  [["product_id", 3]]
  Rendered shared/_stripe_checkout_button.html.erb (0.5ms)
  Rendered products/_new_comment.html.erb (1.1ms)
  [1m[36mComment Load (0.3ms)[0m  [1m[34mSELECT  "comments".* FROM "comments" WHERE "comments"."product_id" = ? ORDER BY "comments"."rating" DESC LIMIT ?[0m  [["product_id", 3], ["LIMIT", 1]]
  [1m[35m (0.2ms)[0m  [1m[34mSELECT COUNT(*) FROM "comments" WHERE "comments"."product_id" = ?[0m  [["product_id", 3]]
  Rendered products/show.html.erb within layouts/application (9.1ms)
Completed 200 OK in 117ms (Views: 112.3ms | ActiveRecord: 1.1ms)


Started GET "/products" for 127.0.0.1 at 2017-11-25 11:46:48 +0200
Processing by ProductsController#index as HTML
  Rendering products/index.html.erb within layouts/application
  [1m[36mProduct Load (0.5ms)[0m  [1m[34mSELECT "products".* FROM "products"[0m
  Rendered products/_product.html.erb (1.2ms)
  Rendered products/_product.html.erb (0.3ms)
  Rendered products/_product.html.erb (0.6ms)
  Rendered products/index.html.erb within layouts/application (8.7ms)
Completed 200 OK in 47ms (Views: 43.6ms | ActiveRecord: 0.5ms)


Started GET "/products" for 127.0.0.1 at 2017-11-25 11:51:50 +0200
Processing by ProductsController#index as HTML
  Rendering products/index.html.erb within layouts/application
  [1m[36mProduct Load (0.3ms)[0m  [1m[34mSELECT "products".* FROM "products"[0m
  Rendered products/_product.html.erb (1.3ms)
  Rendered products/_product.html.erb (0.4ms)
  Rendered products/_product.html.erb (0.4ms)
  Rendered products/index.html.erb within layouts/application (6.2ms)
Completed 200 OK in 43ms (Views: 41.0ms | ActiveRecord: 0.3ms)


Started GET "/static_pages/about" for 127.0.0.1 at 2017-11-25 11:51:51 +0200
Processing by StaticPagesController#about as HTML
  Rendering static_pages/about.html.erb within layouts/application
  Rendered static_pages/about.html.erb within layouts/application (0.4ms)
Completed 200 OK in 41ms (Views: 39.6ms | ActiveRecord: 0.0ms)


Started GET "/static_pages/contact" for 127.0.0.1 at 2017-11-25 11:51:54 +0200
Processing by StaticPagesController#contact as HTML
  Rendering static_pages/contact.html.erb within layouts/application
  Rendered static_pages/contact.html.erb within layouts/application (2.0ms)
Completed 200 OK in 55ms (Views: 53.0ms | ActiveRecord: 0.0ms)


Started GET "/static_pages/about" for 127.0.0.1 at 2017-11-25 11:51:55 +0200
Processing by StaticPagesController#about as HTML
  Rendering static_pages/about.html.erb within layouts/application
  Rendered static_pages/about.html.erb within layouts/application (0.7ms)
Completed 200 OK in 57ms (Views: 55.2ms | ActiveRecord: 0.0ms)


Started GET "/products" for 127.0.0.1 at 2017-11-25 11:51:56 +0200
Processing by ProductsController#index as HTML
  Rendering products/index.html.erb within layouts/application
  [1m[36mProduct Load (0.4ms)[0m  [1m[34mSELECT "products".* FROM "products"[0m
  Rendered products/_product.html.erb (1.9ms)
  Rendered products/_product.html.erb (0.5ms)
  Rendered products/_product.html.erb (0.6ms)
  Rendered products/index.html.erb within layouts/application (10.4ms)
Completed 200 OK in 74ms (Views: 71.2ms | ActiveRecord: 0.4ms)


Started GET "/products/new" for 127.0.0.1 at 2017-11-25 11:52:01 +0200
Processing by ProductsController#new as HTML
  Rendering products/new.html.erb within layouts/application
  Rendered products/_form.html.erb (4.6ms)
  Rendered products/new.html.erb within layouts/application (6.1ms)
Completed 200 OK in 43ms (Views: 40.7ms | ActiveRecord: 0.0ms)


Started GET "/products" for 127.0.0.1 at 2017-11-25 11:52:06 +0200
Processing by ProductsController#index as HTML
  Rendering products/index.html.erb within layouts/application
  [1m[36mProduct Load (0.4ms)[0m  [1m[34mSELECT "products".* FROM "products"[0m
  Rendered products/_product.html.erb (1.3ms)
  Rendered products/_product.html.erb (0.4ms)
  Rendered products/_product.html.erb (0.3ms)
  Rendered products/index.html.erb within layouts/application (7.3ms)
Completed 200 OK in 72ms (Views: 68.8ms | ActiveRecord: 0.4ms)


Started GET "/static_pages/about" for 127.0.0.1 at 2017-11-25 11:52:07 +0200
Processing by StaticPagesController#about as HTML
  Rendering static_pages/about.html.erb within layouts/application
  Rendered static_pages/about.html.erb within layouts/application (0.6ms)
Completed 200 OK in 48ms (Views: 47.0ms | ActiveRecord: 0.0ms)


Started GET "/static_pages/contact" for 127.0.0.1 at 2017-11-25 11:52:08 +0200
Processing by StaticPagesController#contact as HTML
  Rendering static_pages/contact.html.erb within layouts/application
  Rendered static_pages/contact.html.erb within layouts/application (2.7ms)
Completed 200 OK in 60ms (Views: 57.8ms | ActiveRecord: 0.0ms)


Started GET "/products?utf8=%E2%9C%93&q=&commit=Search" for 127.0.0.1 at 2017-11-25 11:52:09 +0200
Processing by ProductsController#index as HTML
  Parameters: {"utf8"=>"✓", "q"=>"", "commit"=>"Search"}
  Rendering products/index.html.erb within layouts/application
  [1m[36mProduct Load (0.4ms)[0m  [1m[34mSELECT "products".* FROM "products" WHERE (name LIKE '%%')[0m
  Rendered products/_product.html.erb (1.2ms)
  Rendered products/_product.html.erb (0.6ms)
  Rendered products/_product.html.erb (0.4ms)
  Rendered products/index.html.erb within layouts/application (7.1ms)
Completed 200 OK in 45ms (Views: 42.4ms | ActiveRecord: 0.4ms)


Started GET "/login" for 127.0.0.1 at 2017-11-25 11:52:10 +0200
Processing by Devise::SessionsController#new as HTML
  Rendering devise/sessions/new.html.erb within layouts/application
  Rendered devise/shared/_links.html.erb (2.2ms)
  Rendered devise/sessions/new.html.erb within layouts/application (10.9ms)
Completed 200 OK in 62ms (Views: 59.4ms | ActiveRecord: 0.0ms)


Started POST "/login" for 127.0.0.1 at 2017-11-25 11:52:14 +0200
Processing by Devise::SessionsController#create as HTML
  Parameters: {"utf8"=>"✓", "authenticity_token"=>"PZvFg2agjKfSEMSPapvK6DEheCT3VhaGEryll+3ACeOKHZoC86lbby8+Cu5p3RlUftrFUFWE5wCcmtnCE8D5MA==", "user"=>{"email"=>"123455@hotmail.com", "password"=>"[FILTERED]", "remember_me"=>"0"}, "commit"=>"Log in"}
  [1m[36mUser Load (0.3ms)[0m  [1m[34mSELECT  "users".* FROM "users" WHERE "users"."email" = ? ORDER BY "users"."id" ASC LIMIT ?[0m  [["email", "123455@hotmail.com"], ["LIMIT", 1]]
Completed 401 Unauthorized in 3ms (ActiveRecord: 0.3ms)


Processing by Devise::SessionsController#new as HTML
  Parameters: {"utf8"=>"✓", "authenticity_token"=>"PZvFg2agjKfSEMSPapvK6DEheCT3VhaGEryll+3ACeOKHZoC86lbby8+Cu5p3RlUftrFUFWE5wCcmtnCE8D5MA==", "user"=>{"email"=>"123455@hotmail.com", "password"=>"[FILTERED]", "remember_me"=>"0"}, "commit"=>"Log in"}
  Rendering devise/sessions/new.html.erb within layouts/application
  Rendered devise/shared/_links.html.erb (1.2ms)
  Rendered devise/sessions/new.html.erb within layouts/application (4.3ms)
Completed 200 OK in 241ms (Views: 37.1ms | ActiveRecord: 0.0ms)


